[605840.750] columns StrategicViewType, TileType are not unique
[605840.750] While executing - 'INSERT INTO ArtDefine_StrategicView(StrategicViewType, TileType, Asset) VALUES(?,?,?)'
[605841.671] no such table: ContentPackage.LocalizedText
[605841.671] no such table: ContentPackage.LocalizedText
[605841.671] no such table: ContentPackage.LocalizedText
[605842.140] no such table: ContentPackage.LocalizedText
[605842.859] columns StrategicViewType, TileType are not unique
[605842.859] While executing - 'INSERT INTO ArtDefine_StrategicView(StrategicViewType, TileType, Asset) VALUES(?,?,?)'
[605843.234] no such table: ContentPackage.LocalizedText
[605843.234] no such table: ContentPackage.LocalizedText
[605843.234] no such table: ContentPackage.LocalizedText
[605845.500] 
-- SQLite Memory Statistics --
Memory Usage:
		[Cur]		[Max]
Malloc:		6223032		75785624
PageCache:	6		12
LookAside:	0		0
Scratch:	0		1

Static Buffer Overflows:
		[TooLarge]	[NoSpace]
PageCache:	5808264		62880720
Scratch:	0		0

Largest Allocations:
Malloc:		262144
PageCache:	1172
Scratch:	6640

Prepared Statements:
Current:		6
------------------------------
[605845.734] 
-- SQLite Memory Statistics --
Memory Usage:
		[Cur]		[Max]
Malloc:		6224208		75785624
PageCache:	6		12
LookAside:	0		0
Scratch:	0		1

Static Buffer Overflows:
		[TooLarge]	[NoSpace]
PageCache:	5809440		62880720
Scratch:	0		0

Largest Allocations:
Malloc:		262144
PageCache:	1172
Scratch:	6640

Prepared Statements:
Current:		6
------------------------------
[605862.984] no such table: Language_zh_CN
[605862.984] In Query - insert into Language_zh_CN('Tag', 'Text') values (?, ?);
[605862.984] In XMLSerializer while updating table Language_zh_CN from file Localization/IGE_ZH_CN.xml.
[605863.671] 
-- SQLite Memory Statistics --
Memory Usage:
		[Cur]		[Max]
Malloc:		6477576		75785624
PageCache:	7		13
LookAside:	0		0
Scratch:	0		1

Static Buffer Overflows:
		[TooLarge]	[NoSpace]
PageCache:	5964672		62880720
Scratch:	0		0

Largest Allocations:
Malloc:		262144
PageCache:	1172
Scratch:	6640

Prepared Statements:
Current:		18
------------------------------
[605912.375] no such column: Type
[605912.375] In Query - select * from Natural_Wonder_Placement where Type = ? LIMIT 1
