[605838.875] Initializing Lua 5.1.4
[605852.562] InstalledPanel: Refreshing Mods
[605852.562] InstalledPanel: GetModBrowserListings()
[605852.562] InstalledPanel: Refreshing Mods
[605852.562] InstalledPanel: GetModBrowserListings()
[605860.328] InstalledPanel: Refreshing Mods
[605860.328] InstalledPanel: GetModBrowserListings()
[605861.593] InstalledPanel: Refreshing Mods
[605861.593] InstalledPanel: GetModBrowserListings()
[605862.562] InstalledPanel: Refreshing Mods
[605862.562] InstalledPanel: GetModBrowserListings()
[605912.296] Map Script: Generating Map
[605912.296] Map Script: Setting Plot Types (Lua Fractal) ...
[605912.312] Map Script: Setting Plot Types (MapGenerator.Lua)
[605912.312] Map Script: Setting coasts and oceans (MapGenerator.Lua)
[605912.312] Map Script: Expanding coasts (MapGenerator.Lua)
[605912.312] Map Script: Generating Terrain (Lua Fractal) ...
[605912.312] Map Script: Setting Terrain Types (MapGenerator.Lua)
[605912.328] Map Script: Map Generation - Adding Rivers
[605912.328] Map Script: Map Generation - Adding Lakes
[605912.328] Map Script: 8 lakes added
[605912.328] Map Script: Adding Features (Lua Fractal) ...
[605912.359] Map Script: Creating start plot database.
[605912.359] Map Script: Dividing the map in to Regions.
[605912.359] Map Script: Map Generation - Dividing the map in to Regions
[605912.359] Map Script: -
[605912.359] Map Script: Civs:	8
[605912.359] Map Script: City States:	16
[605912.359] Map Script: * * * * * * * * * *
[605912.359] Map Script: Area ID 327701 has fertility of 2650
[605912.359] Map Script: Area ID 409631 has fertility of 4
[605912.359] Map Script: Area ID 491561 has fertility of 95
[605912.359] Map Script: Area ID 163841 has fertility of -2
[605912.359] Map Script: Area ID 507947 has fertility of 7
[605912.359] Map Script: Area ID 417824 has fertility of 1767
[605912.359] Map Script: Area ID 499754 has fertility of 15
[605912.359] Map Script: * * * * * * * * * *
[605912.359] Map Script: Interim Table ID 1 has fertility of -2
[605912.359] Map Script: Interim Table ID 2 has fertility of 4
[605912.359] Map Script: Interim Table ID 3 has fertility of 7
[605912.359] Map Script: Interim Table ID 4 has fertility of 15
[605912.359] Map Script: Interim Table ID 5 has fertility of 95
[605912.359] Map Script: Interim Table ID 6 has fertility of 1767
[605912.359] Map Script: Interim Table ID 7 has fertility of 2650
[605912.359] Map Script: * * * * * * * * * *
[605912.359] Map Script: -
[605912.359] Map Script: --- Continental Division, Initial Readout ---
[605912.359] Map Script: -
[605912.359] Map Script: - Global Fertility:	4536
[605912.359] Map Script: - Total Land Plots:	1083
[605912.359] Map Script: - Total Areas:	7
[605912.359] Map Script: - Relevant Areas:	7
[605912.359] Map Script: -
[605912.359] Map Script: * * * * * * * * * *
[605912.359] Map Script: Area ID 327701 has fertility of 2650
[605912.359] Map Script: Area ID 417824 has fertility of 1767
[605912.359] Map Script: Area ID 491561 has fertility of 95
[605912.359] Map Script: Area ID 499754 has fertility of 15
[605912.359] Map Script: Area ID 507947 has fertility of 7
[605912.359] Map Script: Area ID 409631 has fertility of 4
[605912.359] Map Script: Area ID 163841 has fertility of -2
[605912.359] Map Script: * * * * * * * * * *
[605912.359] Map Script: - - Searching landmasses in order to place Civ #	1
[605912.359] Map Script: -
[605912.359] Map Script: - Found new candidate landmass with Area ID#:	327701	 with fertility of 	2650
[605912.359] Map Script: Civ #	1	has been assigned to Area#	327701
[605912.359] Map Script: -
[605912.359] Map Script: - - Searching landmasses in order to place Civ #	2
[605912.359] Map Script: -
[605912.359] Map Script: - Found new candidate landmass with Area ID#:	327701	 with fertility of 	1325
[605912.359] Map Script: - Found new candidate landmass with Area ID#:	417824	 with fertility of 	1767
[605912.359] Map Script: Civ #	2	has been assigned to Area#	417824
[605912.359] Map Script: -
[605912.359] Map Script: - - Searching landmasses in order to place Civ #	3
[605912.359] Map Script: -
[605912.359] Map Script: - Found new candidate landmass with Area ID#:	327701	 with fertility of 	1325
[605912.359] Map Script: Civ #	3	has been assigned to Area#	327701
[605912.359] Map Script: -
[605912.359] Map Script: - - Searching landmasses in order to place Civ #	4
[605912.359] Map Script: -
[605912.359] Map Script: - Found new candidate landmass with Area ID#:	327701	 with fertility of 	883.33333333333
[605912.359] Map Script: - Found new candidate landmass with Area ID#:	417824	 with fertility of 	883.5
[605912.359] Map Script: Civ #	4	has been assigned to Area#	417824
[605912.359] Map Script: -
[605912.359] Map Script: - - Searching landmasses in order to place Civ #	5
[605912.359] Map Script: -
[605912.359] Map Script: - Found new candidate landmass with Area ID#:	327701	 with fertility of 	883.33333333333
[605912.359] Map Script: Civ #	5	has been assigned to Area#	327701
[605912.359] Map Script: -
[605912.359] Map Script: - - Searching landmasses in order to place Civ #	6
[605912.359] Map Script: -
[605912.359] Map Script: - Found new candidate landmass with Area ID#:	327701	 with fertility of 	662.5
[605912.359] Map Script: Civ #	6	has been assigned to Area#	327701
[605912.359] Map Script: -
[605912.359] Map Script: - - Searching landmasses in order to place Civ #	7
[605912.359] Map Script: -
[605912.359] Map Script: - Found new candidate landmass with Area ID#:	327701	 with fertility of 	530
[605912.359] Map Script: - Found new candidate landmass with Area ID#:	417824	 with fertility of 	589
[605912.359] Map Script: Civ #	7	has been assigned to Area#	417824
[605912.359] Map Script: -
[605912.359] Map Script: - - Searching landmasses in order to place Civ #	8
[605912.359] Map Script: -
[605912.359] Map Script: - Found new candidate landmass with Area ID#:	327701	 with fertility of 	530
[605912.359] Map Script: Civ #	8	has been assigned to Area#	327701
[605912.359] Map Script: -
[605912.359] Map Script: -
[605912.359] Map Script: --- End of Initial Readout ---
[605912.359] Map Script: -
[605912.359] Map Script: *** Number of Civs per Landmass - Table Readout ***
[605912.359] Map Script: --------------------------------------------------
[605912.359] Map Script: Table printout for table ID:	table: 1779ACC0
[605912.359] Map Script: Table index:	1	Table entry:	5
[605912.359] Map Script: Table index:	2	Table entry:	3
[605912.359] Map Script: Table index:	3	Table entry:	0
[605912.359] Map Script: Table index:	4	Table entry:	0
[605912.359] Map Script: Table index:	5	Table entry:	0
[605912.359] Map Script: Table index:	6	Table entry:	0
[605912.359] Map Script: Table index:	7	Table entry:	0
[605912.359] Map Script: - - - - - - - - - - - - - - - - - - - - - - - - - -
[605912.359] Map Script: --- End of Civs per Landmass readout ***
[605912.359] Map Script: -
[605912.359] Map Script: -
[605912.359] Map Script: -
[605912.359] Map Script: - Region #: 	1
[605912.359] Map Script: - Civs on this landmass: 	5
[605912.359] Map Script: - Area ID#: 	327701
[605912.359] Map Script: - Fertility: 	2650
[605912.359] Map Script: - Plot Count: 	1470
[605912.359] Map Script: -
[605912.359] Map Script: DivideIntoRegions: Uneven Division for handling prime numbers selected.
[605912.359] Map Script: Dividing along horizontal line between rows: 	26	-	27
[605912.359] Map Script: -
[605912.359] Map Script: Removed Dead Rows, West: 	4	 East: 	0
[605912.359] Map Script: Removed Dead Rows, South: 	0	 North: 	0
[605912.359] Map Script: -
[605912.359] Map Script: Incoming values: 	8	5	35	22
[605912.359] Map Script: Outgoing values: 	12	5	31	22
[605912.359] Map Script: -
[605912.359] Map Script: Size of incoming fertility table: 	770
[605912.359] Map Script: Size of outgoing fertility table: 	682
[605912.359] Map Script: -
[605912.359] Map Script: Removed Dead Rows, West: 	0	 East: 	2
[605912.359] Map Script: Removed Dead Rows, South: 	0	 North: 	0
[605912.359] Map Script: -
[605912.359] Map Script: Incoming values: 	8	27	35	20
[605912.359] Map Script: Outgoing values: 	8	27	33	20
[605912.359] Map Script: -
[605912.359] Map Script: Size of incoming fertility table: 	700
[605912.359] Map Script: Size of outgoing fertility table: 	660
[605912.359] Map Script: DivideIntoRegions: Divide in to Thirds selected.
[605912.359] Map Script: -
[605912.359] Map Script: ChopIntoThree called.
[605912.359] Map Script: Dividing along vertical line between columns: 	24	-	25
[605912.359] Map Script: -
[605912.359] Map Script: Removed Dead Rows, West: 	0	 East: 	0
[605912.359] Map Script: Removed Dead Rows, South: 	4	 North: 	0
[605912.359] Map Script: -
[605912.359] Map Script: Incoming values: 	12	5	13	22
[605912.359] Map Script: Outgoing values: 	12	9	13	18
[605912.359] Map Script: -
[605912.359] Map Script: Size of incoming fertility table: 	286
[605912.359] Map Script: Size of outgoing fertility table: 	234
[605912.359] Map Script: Dividing along horizontal line between rows: 	16	-	17
[605912.359] Map Script: -
[605912.359] Map Script: Removed Dead Rows, West: 	0	 East: 	1
[605912.359] Map Script: Removed Dead Rows, South: 	0	 North: 	0
[605912.359] Map Script: -
[605912.359] Map Script: Incoming values: 	25	5	18	12
[605912.359] Map Script: Outgoing values: 	25	5	17	12
[605912.359] Map Script: -
[605912.359] Map Script: Size of incoming fertility table: 	216
[605912.359] Map Script: Size of outgoing fertility table: 	204
[605912.359] Map Script: -
[605912.359] Map Script: ---------------------------------------------
[605912.359] Map Script: Defined location of Start Region #	1
[605912.359] Map Script: ---------------------------------------------
[605912.359] Map Script: -
[605912.359] Map Script: -
[605912.359] Map Script: ---------------------------------------------
[605912.359] Map Script: Defined location of Start Region #	2
[605912.359] Map Script: ---------------------------------------------
[605912.359] Map Script: -
[605912.359] Map Script: -
[605912.359] Map Script: ---------------------------------------------
[605912.359] Map Script: Defined location of Start Region #	3
[605912.359] Map Script: ---------------------------------------------
[605912.359] Map Script: -
[605912.359] Map Script: DivideIntoRegions: Divide in to Halves selected.
[605912.359] Map Script: Dividing along vertical line between columns: 	23	-	24
[605912.359] Map Script: -
[605912.359] Map Script: Removed Dead Rows, West: 	0	 East: 	0
[605912.359] Map Script: Removed Dead Rows, South: 	0	 North: 	3
[605912.359] Map Script: -
[605912.359] Map Script: Incoming values: 	24	27	17	20
[605912.359] Map Script: Outgoing values: 	24	27	17	17
[605912.359] Map Script: -
[605912.359] Map Script: Size of incoming fertility table: 	340
[605912.359] Map Script: Size of outgoing fertility table: 	289
[605912.359] Map Script: -
[605912.359] Map Script: ---------------------------------------------
[605912.359] Map Script: Defined location of Start Region #	4
[605912.359] Map Script: ---------------------------------------------
[605912.359] Map Script: -
[605912.359] Map Script: -
[605912.359] Map Script: ---------------------------------------------
[605912.359] Map Script: Defined location of Start Region #	5
[605912.359] Map Script: ---------------------------------------------
[605912.359] Map Script: -
[605912.359] Map Script: -
[605912.359] Map Script: - Region #: 	2
[605912.359] Map Script: - Civs on this landmass: 	3
[605912.359] Map Script: - Area ID#: 	417824
[605912.359] Map Script: - Fertility: 	1767
[605912.359] Map Script: - Plot Count: 	806
[605912.359] Map Script: -
[605912.359] Map Script: DivideIntoRegions: Divide in to Thirds selected.
[605912.359] Map Script: -
[605912.359] Map Script: ChopIntoThree called.
[605912.359] Map Script: Dividing along horizontal line between rows: 	25	-	26
[605912.359] Map Script: -
[605912.359] Map Script: Removed Dead Rows, West: 	5	 East: 	3
[605912.359] Map Script: Removed Dead Rows, South: 	0	 North: 	0
[605912.359] Map Script: -
[605912.359] Map Script: Incoming values: 	48	15	26	11
[605912.359] Map Script: Outgoing values: 	53	15	18	11
[605912.359] Map Script: -
[605912.359] Map Script: Size of incoming fertility table: 	286
[605912.359] Map Script: Size of outgoing fertility table: 	198
[605912.359] Map Script: Dividing along vertical line between columns: 	58	-	59
[605912.359] Map Script: -
[605912.359] Map Script: Removed Dead Rows, West: 	0	 East: 	0
[605912.359] Map Script: Removed Dead Rows, South: 	0	 North: 	6
[605912.359] Map Script: -
[605912.359] Map Script: Incoming values: 	59	26	15	20
[605912.359] Map Script: Outgoing values: 	59	26	15	14
[605912.359] Map Script: -
[605912.359] Map Script: Size of incoming fertility table: 	300
[605912.359] Map Script: Size of outgoing fertility table: 	210
[605912.359] Map Script: -
[605912.359] Map Script: ---------------------------------------------
[605912.359] Map Script: Defined location of Start Region #	6
[605912.359] Map Script: ---------------------------------------------
[605912.359] Map Script: -
[605912.359] Map Script: -
[605912.359] Map Script: ---------------------------------------------
[605912.359] Map Script: Defined location of Start Region #	7
[605912.359] Map Script: ---------------------------------------------
[605912.359] Map Script: -
[605912.359] Map Script: -
[605912.359] Map Script: ---------------------------------------------
[605912.359] Map Script: Defined location of Start Region #	8
[605912.359] Map Script: ---------------------------------------------
[605912.359] Map Script: -
[605912.359] Map Script: -
[605912.359] Map Script: Data for Start Region #	1
[605912.359] Map Script: WestX:  	12
[605912.359] Map Script: SouthY: 	9
[605912.359] Map Script: Width:  	13
[605912.359] Map Script: Height: 	18
[605912.359] Map Script: AreaID: 	327701
[605912.359] Map Script: Fertility:	552
[605912.359] Map Script: Plots:  	234
[605912.359] Map Script: Fert/Plot:	2.3589743589744
[605912.359] Map Script: -
[605912.359] Map Script: -
[605912.359] Map Script: Data for Start Region #	2
[605912.359] Map Script: WestX:  	25
[605912.359] Map Script: SouthY: 	5
[605912.359] Map Script: Width:  	17
[605912.359] Map Script: Height: 	12
[605912.359] Map Script: AreaID: 	327701
[605912.359] Map Script: Fertility:	550
[605912.359] Map Script: Plots:  	204
[605912.359] Map Script: Fert/Plot:	2.6960784313725
[605912.359] Map Script: -
[605912.359] Map Script: -
[605912.359] Map Script: Data for Start Region #	3
[605912.359] Map Script: WestX:  	25
[605912.359] Map Script: SouthY: 	17
[605912.359] Map Script: Width:  	18
[605912.359] Map Script: Height: 	10
[605912.359] Map Script: AreaID: 	327701
[605912.359] Map Script: Fertility:	560
[605912.359] Map Script: Plots:  	180
[605912.359] Map Script: Fert/Plot:	3.1111111111111
[605912.359] Map Script: -
[605912.359] Map Script: -
[605912.359] Map Script: Data for Start Region #	4
[605912.359] Map Script: WestX:  	8
[605912.359] Map Script: SouthY: 	27
[605912.359] Map Script: Width:  	16
[605912.359] Map Script: Height: 	20
[605912.359] Map Script: AreaID: 	327701
[605912.359] Map Script: Fertility:	512
[605912.359] Map Script: Plots:  	320
[605912.359] Map Script: Fert/Plot:	1.6
[605912.359] Map Script: -
[605912.359] Map Script: -
[605912.359] Map Script: Data for Start Region #	5
[605912.359] Map Script: WestX:  	24
[605912.359] Map Script: SouthY: 	27
[605912.359] Map Script: Width:  	17
[605912.359] Map Script: Height: 	17
[605912.359] Map Script: AreaID: 	327701
[605912.359] Map Script: Fertility:	476
[605912.359] Map Script: Plots:  	289
[605912.359] Map Script: Fert/Plot:	1.6470588235294
[605912.359] Map Script: -
[605912.359] Map Script: -
[605912.359] Map Script: Data for Start Region #	6
[605912.359] Map Script: WestX:  	53
[605912.359] Map Script: SouthY: 	15
[605912.359] Map Script: Width:  	18
[605912.359] Map Script: Height: 	11
[605912.359] Map Script: AreaID: 	417824
[605912.359] Map Script: Fertility:	617
[605912.359] Map Script: Plots:  	198
[605912.359] Map Script: Fert/Plot:	3.1161616161616
[605912.359] Map Script: -
[605912.359] Map Script: -
[605912.359] Map Script: Data for Start Region #	7
[605912.359] Map Script: WestX:  	48
[605912.359] Map Script: SouthY: 	26
[605912.359] Map Script: Width:  	11
[605912.359] Map Script: Height: 	20
[605912.359] Map Script: AreaID: 	417824
[605912.359] Map Script: Fertility:	590
[605912.359] Map Script: Plots:  	220
[605912.359] Map Script: Fert/Plot:	2.6818181818182
[605912.359] Map Script: -
[605912.359] Map Script: -
[605912.359] Map Script: Data for Start Region #	8
[605912.359] Map Script: WestX:  	59
[605912.359] Map Script: SouthY: 	26
[605912.359] Map Script: Width:  	15
[605912.359] Map Script: Height: 	14
[605912.359] Map Script: AreaID: 	417824
[605912.359] Map Script: Fertility:	560
[605912.359] Map Script: Plots:  	210
[605912.359] Map Script: Fert/Plot:	2.6666666666667
[605912.359] Map Script: -
[605912.359] Map Script: Choosing start locations for civilizations.
[605912.359] Map Script: Map Generation - Choosing Start Locations for Civilizations
[605912.375] Map Script: Normalizing start locations and assigning them to Players.
[605912.375] Map Script: Player	0	of Civ Type	CIVILIZATION_INDONESIA
[605912.375] Map Script: - - - - - - - needs Coastal Start!
[605912.375] Map Script: -
[605912.375] Map Script: Player	1	of Civ Type	CIVILIZATION_CARTHAGE
[605912.375] Map Script: - - - - - - - needs Coastal Start!
[605912.375] Map Script: -
[605912.375] Map Script: Player	2	of Civ Type	CIVILIZATION_CHINA
[605912.375] Map Script: Player	3	of Civ Type	CIVILIZATION_NETHERLANDS
[605912.375] Map Script: Player	4	of Civ Type	CIVILIZATION_PERSIA
[605912.375] Map Script: Player	5	of Civ Type	CIVILIZATION_MONGOL
[605912.375] Map Script: Player	6	of Civ Type	CIVILIZATION_BRAZIL
[605912.375] Map Script: Player	7	of Civ Type	CIVILIZATION_GERMANY
[605912.375] Map Script: Civs with Coastal Bias:	2
[605912.375] Map Script: Civs with River Bias:	0
[605912.375] Map Script: Civs with Region Priority:	3
[605912.375] Map Script: Civs with Region Avoid:	0
[605912.375] Map Script: -
[605912.375] Map Script: Region#	3	has a Coastal Start.
[605912.375] Map Script: Region#	4	has a Coastal Start.
[605912.375] Map Script: Region#	5	has a Coastal Start.
[605912.375] Map Script: Region#	8	has a Coastal Start.
[605912.375] Map Script: iNumCoastalCivs: 2
[605912.375] Map Script: iNumUnassignableCoastStarts: 0
[605912.375] Map Script: shuffled_coastal_civs[1]: 1
[605912.375] Map Script: shuffled_coastal_civs[2]: 0
[605912.375] Map Script: Placing Natural Wonders.
[605912.437] Map Script: -
[605912.437] Map Script: -
[605912.437] Map Script: --- Number of Candidate Plots on the map for Natural Wonders ---
[605912.437] Map Script: -
[605912.437] Map Script: -	21	candidates for	FEATURE_CRATER
[605912.437] Map Script: -	38	candidates for	FEATURE_FUJI
[605912.437] Map Script: -	8	candidates for	FEATURE_MESA
[605912.437] Map Script: -	126	candidates for	FEATURE_REEF
[605912.437] Map Script: -	1690	candidates for	FEATURE_VOLCANO
[605912.437] Map Script: -	125	candidates for	FEATURE_GIBRALTAR
[605912.437] Map Script: -	38	candidates for	FEATURE_GEYSER
[605912.437] Map Script: -	227	candidates for	FEATURE_FOUNTAIN_YOUTH
[605912.437] Map Script: -	135	candidates for	FEATURE_POTOSI
[605912.437] Map Script: -	61	candidates for	FEATURE_EL_DORADO
[605912.437] Map Script: -	107	candidates for	FEATURE_SRI_PADA
[605912.437] Map Script: -	15	candidates for	FEATURE_MT_SINAI
[605912.437] Map Script: -	154	candidates for	FEATURE_MT_KAILASH
[605912.437] Map Script: -	22	candidates for	FEATURE_ULURU
[605912.437] Map Script: -	227	candidates for	FEATURE_LAKE_VICTORIA
[605912.437] Map Script: -	68	candidates for	FEATURE_KILIMANJARO
[605912.437] Map Script: -	227	candidates for	FEATURE_SOLOMONS_MINES
[605912.437] Map Script: -
[605912.437] Map Script: --- End of candidates readout for Natural Wonders ---
[605912.437] Map Script: -
[605912.453] Map Script: -- Placed all Natural Wonders --
[605912.453] Map Script: -
[605912.453] Map Script: -
[605912.453] Map Script: Placing Resources and City States.
[605912.453] Map Script: Map Generation - Assigning Luxury Resource Distribution
[605912.453] Map Script: -
[605912.453] Map Script: Region#	2	 of type 	3	 has been assigned Luxury ID#	21
[605912.453] Map Script: -
[605912.453] Map Script: Region#	5	 of type 	4	 has been assigned Luxury ID#	27
[605912.453] Map Script: -
[605912.453] Map Script: Region#	8	 of type 	6	 has been assigned Luxury ID#	19
[605912.453] Map Script: -
[605912.453] Map Script: Region#	7	 of type 	6	 has been assigned Luxury ID#	31
[605912.453] Map Script: -
[605912.453] Map Script: Region#	4	 of type 	8	 has been assigned Luxury ID#	14
[605912.453] Map Script: -
[605912.453] Map Script: Region#	3	 of type 	8	 has been assigned Luxury ID#	13
[605912.453] Map Script: -
[605912.453] Map Script: Region#	1	 of type 	8	 has been assigned Luxury ID#	17
[605912.453] Map Script: -
[605912.453] Map Script: Region#	6	 of type 	8	 has been assigned Luxury ID#	15
[605912.453] Map Script: Luxury ID#	13	rejected by City States as already belonging to Regions.
[605912.453] Map Script: Luxury ID#	14	rejected by City States as already belonging to Regions.
[605912.453] Map Script: Luxury ID#	15	rejected by City States as already belonging to Regions.
[605912.453] Map Script: Luxury ID#	17	rejected by City States as already belonging to Regions.
[605912.453] Map Script: Luxury ID#	19	rejected by City States as already belonging to Regions.
[605912.453] Map Script: Luxury ID#	21	rejected by City States as already belonging to Regions.
[605912.453] Map Script: Luxury ID#	27	rejected by City States as already belonging to Regions.
[605912.453] Map Script: Luxury ID#	31	rejected by City States as already belonging to Regions.
[605912.453] Map Script: --- Luxury Assignment Table ---
[605912.453] Map Script: -
[605912.453] Map Script: - - Assigned to Regions - -
[605912.453] Map Script: Region#	2	has Luxury type	21
[605912.453] Map Script: Region#	5	has Luxury type	27
[605912.453] Map Script: Region#	8	has Luxury type	19
[605912.453] Map Script: Region#	7	has Luxury type	31
[605912.453] Map Script: Region#	4	has Luxury type	14
[605912.453] Map Script: Region#	3	has Luxury type	13
[605912.453] Map Script: Region#	1	has Luxury type	17
[605912.453] Map Script: Region#	6	has Luxury type	15
[605912.453] Map Script: -
[605912.453] Map Script: - - Assigned to City States - -
[605912.453] Map Script: Luxury type	32
[605912.453] Map Script: Luxury type	24
[605912.453] Map Script: Luxury type	41
[605912.453] Map Script: -
[605912.453] Map Script: - - Assigned to Random - -
[605912.453] Map Script: Luxury type	26
[605912.453] Map Script: Luxury type	33
[605912.453] Map Script: Luxury type	34
[605912.453] Map Script: Luxury type	20
[605912.453] Map Script: Luxury type	16
[605912.453] Map Script: -
[605912.453] Map Script: - - Luxuries handled via Special Case - -
[605912.453] Map Script: Luxury type	18
[605912.453] Map Script: -
[605912.453] Map Script: - - Disabled - -
[605912.453] Map Script: Luxury type	23
[605912.453] Map Script: Luxury type	30
[605912.453] Map Script: Luxury type	25
[605912.453] Map Script: Luxury type	22
[605912.453] Map Script: - - - - - - - - - - - - - - - -
[605912.453] Map Script: Map Generation - Placing City States
[605912.453] Map Script: Map Generation - Choosing sites for City States
[605912.453] Map Script: All city states assigned.
[605912.453] Map Script: Map Generation - Placing Luxuries
[605912.453] Map Script: -
[605912.453] Map Script: Attempting to place Luxury#	21	at start plot	36	9	in Region#	2
[605912.453] Map Script: -
[605912.453] Map Script: Attempting to place Luxury#	27	at start plot	36	29	in Region#	5
[605912.453] Map Script: -
[605912.453] Map Script: Attempting to place Luxury#	19	at start plot	69	32	in Region#	8
[605912.453] Map Script: -
[605912.453] Map Script: Attempting to place Luxury#	31	at start plot	51	35	in Region#	7
[605912.453] Map Script: -
[605912.453] Map Script: Attempting to place Luxury#	14	at start plot	16	36	in Region#	4
[605912.453] Map Script: -
[605912.453] Map Script: Attempting to place Luxury#	13	at start plot	36	20	in Region#	3
[605912.453] Map Script: -
[605912.453] Map Script: Attempting to place Luxury#	17	at start plot	19	20	in Region#	1
[605912.453] Map Script: -
[605912.453] Map Script: Attempting to place Luxury#	15	at start plot	63	22	in Region#	6
[605912.453] Map Script: -
[605912.453] Map Script: -
[605912.453] Map Script: -Assigned Luxury Type	20	to City State#	1
[605912.453] Map Script: -
[605912.453] Map Script: -
[605912.453] Map Script: -Assigned Luxury Type	20	to City State#	2
[605912.453] Map Script: -
[605912.453] Map Script: -
[605912.453] Map Script: -Assigned Luxury Type	24	to City State#	3
[605912.453] Map Script: -
[605912.453] Map Script: -
[605912.453] Map Script: -Assigned Luxury Type	14	to City State#	4
[605912.453] Map Script: -
[605912.453] Map Script: -
[605912.453] Map Script: -Assigned Luxury Type	24	to City State#	5
[605912.453] Map Script: -
[605912.453] Map Script: -
[605912.453] Map Script: -Assigned Luxury Type	15	to City State#	6
[605912.453] Map Script: -
[605912.453] Map Script: -
[605912.453] Map Script: -Assigned Luxury Type	41	to City State#	7
[605912.453] Map Script: -
[605912.453] Map Script: -
[605912.453] Map Script: -Assigned Luxury Type	24	to City State#	8
[605912.453] Map Script: -
[605912.453] Map Script: -
[605912.453] Map Script: -Assigned Luxury Type	24	to City State#	9
[605912.453] Map Script: -
[605912.453] Map Script: -
[605912.453] Map Script: -Assigned Luxury Type	27	to City State#	10
[605912.453] Map Script: -
[605912.453] Map Script: -
[605912.453] Map Script: -Assigned Luxury Type	17	to City State#	11
[605912.453] Map Script: -
[605912.453] Map Script: -
[605912.453] Map Script: -Assigned Luxury Type	20	to City State#	12
[605912.453] Map Script: -
[605912.453] Map Script: -
[605912.453] Map Script: -Assigned Luxury Type	41	to City State#	13
[605912.453] Map Script: -
[605912.453] Map Script: -
[605912.453] Map Script: -Assigned Luxury Type	16	to City State#	14
[605912.453] Map Script: -
[605912.453] Map Script: -
[605912.453] Map Script: -Assigned Luxury Type	20	to City State#	15
[605912.453] Map Script: -
[605912.453] Map Script: -
[605912.453] Map Script: -Assigned Luxury Type	24	to City State#	16
[605912.453] Map Script: -
[605912.453] Map Script: - - -
[605912.453] Map Script: Attempting to place regional luxury #	17	in Region#	1
[605912.453] Map Script: -
[605912.453] Map Script: - - -
[605912.453] Map Script: Attempting to place regional luxury #	21	in Region#	2
[605912.453] Map Script: -
[605912.453] Map Script: - - -
[605912.453] Map Script: Attempting to place regional luxury #	13	in Region#	3
[605912.453] Map Script: -
[605912.453] Map Script: - - -
[605912.453] Map Script: Attempting to place regional luxury #	14	in Region#	4
[605912.453] Map Script: -
[605912.453] Map Script: - - -
[605912.453] Map Script: Attempting to place regional luxury #	27	in Region#	5
[605912.453] Map Script: -
[605912.453] Map Script: - - -
[605912.453] Map Script: Attempting to place regional luxury #	15	in Region#	6
[605912.453] Map Script: -
[605912.453] Map Script: - - -
[605912.453] Map Script: Attempting to place regional luxury #	31	in Region#	7
[605912.453] Map Script: -
[605912.453] Map Script: - - -
[605912.453] Map Script: Attempting to place regional luxury #	19	in Region#	8
[605912.453] Map Script: * *
[605912.453] Map Script: * iNumTypesRandom = 	5
[605912.453] Map Script: * *
[605912.453] Map Script: iNumRandomLuxTarget = -6. Just putting in 3 of each random.
[605912.453] Map Script: -
[605912.453] Map Script: Random Luxury Target Number:	3
[605912.453] Map Script: Random Luxury Target Placed:	3
[605912.453] Map Script: -
[605912.453] Map Script: -
[605912.453] Map Script: Random Luxury Target Number:	3
[605912.453] Map Script: Random Luxury Target Placed:	3
[605912.453] Map Script: -
[605912.453] Map Script: -
[605912.453] Map Script: Random Luxury Target Number:	3
[605912.453] Map Script: Random Luxury Target Placed:	3
[605912.453] Map Script: -
[605912.453] Map Script: -
[605912.453] Map Script: Random Luxury Target Number:	3
[605912.453] Map Script: Random Luxury Target Placed:	3
[605912.453] Map Script: -
[605912.453] Map Script: -
[605912.453] Map Script: Random Luxury Target Number:	3
[605912.453] Map Script: Random Luxury Target Placed:	3
[605912.453] Map Script: -
[605912.453] Map Script: -
[605912.453] Map Script: --- Eligible Types List for Second Luxury in Region#	1	---
[605912.453] Map Script: - Found eligible luxury type:	18
[605912.453] Map Script: --- End of Eligible Types list for Second Luxury in Region#	1	---
[605912.453] Map Script: -
[605912.453] Map Script: --- Eligible Types List for Second Luxury in Region#	2	---
[605912.453] Map Script: - Found eligible luxury type:	18
[605912.453] Map Script: --- End of Eligible Types list for Second Luxury in Region#	2	---
[605912.453] Map Script: -
[605912.453] Map Script: Placed Second Luxury type of ID#	20	for start located at Plot	36	9	 in Region#	2
[605912.453] Map Script: -
[605912.453] Map Script: --- Eligible Types List for Second Luxury in Region#	3	---
[605912.453] Map Script: - Found eligible luxury type:	18
[605912.453] Map Script: --- End of Eligible Types list for Second Luxury in Region#	3	---
[605912.453] Map Script: -
[605912.453] Map Script: Placed Second Luxury type of ID#	20	for start located at Plot	36	20	 in Region#	3
[605912.453] Map Script: -
[605912.453] Map Script: --- Eligible Types List for Second Luxury in Region#	4	---
[605912.453] Map Script: - Found eligible luxury type:	18
[605912.453] Map Script: --- End of Eligible Types list for Second Luxury in Region#	4	---
[605912.453] Map Script: -
[605912.453] Map Script: Placed Second Luxury type of ID#	16	for start located at Plot	16	36	 in Region#	4
[605912.453] Map Script: -
[605912.453] Map Script: --- Eligible Types List for Second Luxury in Region#	5	---
[605912.453] Map Script: - Found eligible luxury type:	18
[605912.453] Map Script: --- End of Eligible Types list for Second Luxury in Region#	5	---
[605912.453] Map Script: -
[605912.453] Map Script: Placed Second Luxury type of ID#	26	for start located at Plot	36	29	 in Region#	5
[605912.453] Map Script: -
[605912.453] Map Script: --- Eligible Types List for Second Luxury in Region#	6	---
[605912.453] Map Script: - Found eligible luxury type:	18
[605912.453] Map Script: --- End of Eligible Types list for Second Luxury in Region#	6	---
[605912.453] Map Script: -
[605912.453] Map Script: Placed Second Luxury type of ID#	26	for start located at Plot	63	22	 in Region#	6
[605912.453] Map Script: -
[605912.453] Map Script: --- Eligible Types List for Second Luxury in Region#	7	---
[605912.453] Map Script: - Found eligible luxury type:	18
[605912.453] Map Script: --- End of Eligible Types list for Second Luxury in Region#	7	---
[605912.453] Map Script: -
[605912.453] Map Script: Placed Second Luxury type of ID#	18	for start located at Plot	51	35	 in Region#	7
[605912.453] Map Script: -
[605912.453] Map Script: --- Eligible Types List for Second Luxury in Region#	8	---
[605912.453] Map Script: - Found eligible luxury type:	18
[605912.453] Map Script: --- End of Eligible Types list for Second Luxury in Region#	8	---
[605912.453] Map Script: -
[605912.453] Map Script: Placed Second Luxury type of ID#	18	for start located at Plot	69	32	 in Region#	8
[605912.453] Map Script: Map Generation - Placing Strategics
[605912.468] Map Script: Map Generation - Placing Bonuses
[605912.468] Map Script: Map Generation - Normalize City State Locations
[605912.468] Map Script: -
[605912.468] Map Script: --- Table of Results, New Start Finder ---
[605912.468] Map Script: -
[605912.468] Map Script: Region#	1	 has start plot at: 	19	20	with Fertility Rating of 	241
[605912.468] Map Script: -
[605912.468] Map Script: Region#	2	 has start plot at: 	36	9	with Fertility Rating of 	293
[605912.468] Map Script: -
[605912.468] Map Script: Region#	3	 has start plot at: 	36	20	with Fertility Rating of 	244
[605912.468] Map Script: -
[605912.468] Map Script: Region#	4	 has start plot at: 	16	36	with Fertility Rating of 	250
[605912.468] Map Script: -
[605912.468] Map Script: Region#	5	 has start plot at: 	36	29	with Fertility Rating of 	213
[605912.468] Map Script: -
[605912.468] Map Script: Region#	6	 has start plot at: 	63	22	with Fertility Rating of 	277
[605912.468] Map Script: -
[605912.468] Map Script: Region#	7	 has start plot at: 	51	35	with Fertility Rating of 	274
[605912.468] Map Script: -
[605912.468] Map Script: Region#	8	 has start plot at: 	69	32	with Fertility Rating of 	236
[605912.468] Map Script: -
[605912.468] Map Script: --- End of Start Finder Results Table ---
[605912.468] Map Script: -
[605912.468] Map Script: -
[605912.468] Map Script: --- Table of Final Results, City State Placements ---
[605912.468] Map Script: -
[605912.468] Map Script: - City State	1	in Region	1	is located at Plot	23	9
[605912.468] Map Script: - City State	2	in Region	2	is located at Plot	27	11
[605912.468] Map Script: - City State	3	in Region	3	is located at Plot	28	20
[605912.468] Map Script: - City State	4	in Region	4	is located at Plot	8	30
[605912.468] Map Script: - City State	5	in Region	5	is located at Plot	26	30
[605912.468] Map Script: - City State	6	in Region	6	is located at Plot	53	20
[605912.468] Map Script: - City State	7	in Region	7	is located at Plot	53	26
[605912.468] Map Script: - City State	8	in Region	8	is located at Plot	60	29
[605912.468] Map Script: - City State	9	in Region	-1	is located at Plot	2	38
[605912.468] Map Script: - City State	10	in Region	5	is located at Plot	26	36
[605912.468] Map Script: - City State	11	in Region	1	is located at Plot	12	26
[605912.468] Map Script: - City State	12	in Region	4	is located at Plot	19	27
[605912.468] Map Script: - City State	13	in Region	3	is located at Plot	42	24
[605912.468] Map Script: - City State	14	in Region	2	is located at Plot	41	13
[605912.468] Map Script: - City State	15	in Region	7	is located at Plot	54	42
[605912.468] Map Script: - City State	16	in Region	6	is located at Plot	69	24
[605912.468] Map Script: -
[605912.468] Map Script: - - - - -
[605912.468] Map Script: -
[605912.468] Map Script: --- Table of Final Results, Resource Distribution ---
[605912.468] Map Script: -
[605912.468] Map Script: - LUXURY Resources -
[605912.468] Map Script: - Whale...: 	5
[605912.468] Map Script: - Pearls..: 	8
[605912.468] Map Script: - Gold....: 	8
[605912.468] Map Script: - Silver..: 	5
[605912.468] Map Script: - Gems....: 	9
[605912.468] Map Script: - Marble..: 	6
[605912.468] Map Script: - Ivory...: 	7
[605912.468] Map Script: - Fur.....: 	9
[605912.468] Map Script: - Dye.....: 	3
[605912.468] Map Script: - Spices..: 	0
[605912.468] Map Script: - Silk....: 	0
[605912.468] Map Script: - Sugar...: 	5
[605912.468] Map Script: - Cotton..: 	0
[605912.468] Map Script: - Wine....: 	6
[605912.468] Map Script: - Incense.: 	6
[605912.468] Map Script: - Expansion LUXURY Resources -
[605912.468] Map Script: - Copper..: 	0
[605912.468] Map Script: - Salt....: 	7
[605912.468] Map Script: - Citrus..: 	3
[605912.468] Map Script: - Truffles: 	3
[605912.468] Map Script: - Crab....: 	0
[605912.468] Map Script: - Cocoa...: 	2
[605912.468] Map Script: -
[605912.468] Map Script: + TOTAL.Lux: 	124
[605912.468] Map Script: -
[605912.468] Map Script: - STRATEGIC Resources -
[605912.468] Map Script: - Iron....: 	46
[605912.468] Map Script: - Horse...: 	66
[605912.468] Map Script: - Coal....: 	45
[605912.468] Map Script: - Oil.....: 	120
[605912.468] Map Script: - Aluminum: 	79
[605912.468] Map Script: - Uranium.: 	50
[605912.468] Map Script: -
[605912.468] Map Script: - BONUS Resources -
[605912.468] Map Script: - Cow.....: 	17
[605912.468] Map Script: - Wheat...: 	12
[605912.468] Map Script: - Sheep...: 	17
[605912.468] Map Script: - Deer....: 	15
[605912.468] Map Script: - Banana..: 	9
[605912.468] Map Script: - Fish....: 	76
[605912.468] Map Script: - Stone...: 	17
[605912.468] Map Script: - Bison...: 	7
[605912.468] Map Script: -
[605912.468] Map Script: -----------------------------------------------------
[605912.468] Map Script: -------------------------------
[605912.468] Map Script: Map Generation - Adding Goodies
[605912.468] Map Script: -------------------------------
[605912.468] Map Script: Determining continents for art purposes (MapGenerator.Lua)
[605914.593] CivilopediaScreen: SetSelectedCategory(12)
[605914.593] CivilopediaScreen: CivilopediaCategory[CategoryTerrain].DisplayList
[605914.593] CivilopediaScreen: SetSelectedCategory(1)
[605914.593] CivilopediaScreen: CivilopediaCategory[CategoryHomePage].DisplayList
[605914.734] Tutorial: Loaded Additional Tutorial checks - Assets\DLC\Expansion2\Tutorial\Lua\TutorialInclude_Expansion2.lua
[605914.734] Tutorial: Loaded Additional Tutorial checks - Assets\DLC\Expansion\Tutorial\lua\TutorialInclude_Expansion1.lua
[605914.921] GenericPopup: Loaded Popup - Assets\DLC\Expansion2\UI\InGame\PopupsGeneric\ConfirmImprovementRebuildPopup.lua
[605914.921] GenericPopup: Loaded Popup - Assets\DLC\Expansion2\UI\InGame\PopupsGeneric\DeclareWarMovePopup.lua
[605914.921] GenericPopup: Loaded Popup - Assets\DLC\Expansion2\UI\InGame\PopupsGeneric\PuppetCityPopup.lua
[605914.921] GenericPopup: Loaded Popup - Assets\DLC\Expansion2\UI\InGame\PopupsGeneric\DeclareWarPlunderTradeRoutePopup.lua
[605914.921] GenericPopup: Loaded Popup - Assets\DLC\Expansion2\UI\InGame\PopupsGeneric\DeclareWarRangeStrikePopup.lua
[605914.921] GenericPopup: Loaded Popup - Assets\UI\InGame\PopupsGeneric\ConfirmImprovementRebuildPopup.lua
[605914.921] GenericPopup: Loaded Popup - Assets\UI\InGame\PopupsGeneric\NetworkKickedPopup.lua
[605914.921] GenericPopup: Loaded Popup - Assets\UI\InGame\PopupsGeneric\CityPlotManagementPopup.lua
[605914.921] GenericPopup: Loaded Popup - Assets\UI\InGame\PopupsGeneric\ConfirmCommandPopup.lua
[605914.921] GenericPopup: Loaded Popup - Assets\UI\InGame\PopupsGeneric\MinorCivEnterTerritoryPopup.lua
[605914.921] GenericPopup: Loaded Popup - Assets\UI\InGame\PopupsGeneric\LiberateMinorPopup.lua
[605914.921] GenericPopup: Loaded Popup - Assets\UI\InGame\PopupsGeneric\ReturnCivilianPopup.lua
[605914.921] GenericPopup: Loaded Popup - Assets\UI\InGame\PopupsGeneric\AnnexCityPopup.lua
[605914.921] GenericPopup: Loaded Popup - Assets\UI\InGame\PopupsGeneric\DeclareWarMovePopup.lua
[605914.921] GenericPopup: Loaded Popup - Assets\UI\InGame\PopupsGeneric\BarbarianRansomPopup.lua
[605914.921] GenericPopup: Loaded Popup - Assets\UI\InGame\PopupsGeneric\ConfirmGiftPopup.lua
[605914.921] GenericPopup: Loaded Popup - Assets\UI\InGame\PopupsGeneric\ConfirmCityTaskPopup.lua
[605914.921] GenericPopup: Loaded Popup - Assets\UI\InGame\PopupsGeneric\PuppetCityPopup.lua
[605914.921] GenericPopup: Loaded Popup - Assets\UI\InGame\PopupsGeneric\DeclareWarRangeStrikePopup.lua
[605914.921] GenericPopup: Loaded Popup - Assets\UI\InGame\PopupsGeneric\ConfirmPolicyBranchPopup.lua
[605914.921] GenericPopup: Loaded Popup - Assets\UI\InGame\PopupsGeneric\MinorCivGoldPopup.lua
[605914.984] EconomicGeneralInfo: Total Units - 2
[605914.984] EconomicGeneralInfo: Maint Free Units - 0
[605914.984] EconomicGeneralInfo: Paid Units - 2
[605914.984] EconomicGeneralInfo: Total Units - 2
[605914.984] EconomicGeneralInfo: Maint Free Units - 0
[605914.984] EconomicGeneralInfo: Paid Units - 2
[605915.093] ChoosePantheonPopup: 60
[605915.093] ChoosePantheonPopup: 963
[605915.093] ChoosePantheonPopup: 1023
[605915.140] ChooseIdeologyPopup: 60
[605915.140] ChooseIdeologyPopup: 963
[605915.140] ChooseIdeologyPopup: 1023
[605915.218] IGE_Controller_All: ****************************************************************
[605915.218] IGE_Controller_All: Starting...
[605915.234] IGE_Overlay: loaded
[605915.234] IGE_CityBanner: loaded
[605915.250] IGE_MiniMap: loaded
[605915.250] IGE_TabsBar: IGE_TabsBar
[605915.250] IGE_ActivePlayerSelection: IGE_ActivePlayerSelection
[605915.265] IGE_RiversElement: IGE_RiversElement
[605915.265] IGE_TerrainPanel: IGE_TerrainPanel
[605915.265] IGE_CitiesPanel: IGE_CitiesPanel
[605915.281] IGE_UnitsPanel: IGE_UnitsPanel
[605915.281] IGE_PlayersPanel: IGE_PlayersPanel
[605915.281] IGE_TechsPanel: IGE_TechsPanel
[605915.296] IGE_PoliciesPanel: IGE_PoliciesPanel
[605915.296] IGE_ConfirmPopup: IGE_ConfirmPopup
[605915.312] IGE_Window: IGE_Window
[605915.312] IGE_Window: IGE_ShareGlobalAndOptions
[605915.312] IGE_Window: IGE_SharingGlobalAndOptions, IGE=...
[605915.312] IGE_Window: IGE loaded
[605915.312] BuildingEffects: Cheatocalypse Building Effects System Loaded
[605915.312] CoreSystem: Cheatocalypse Core System Loaded
[605915.312] YieldBoostGlobal: Yield Boost Global Loaded
[605915.312] ProductionBoost: Production Boost Loaded
[605915.312] PromotionOverride: Cheatocalypse Promotion Override Loaded
[605915.359] EngineerBuildSystem: Cheatocalypse Engineer Build System Loaded
[605915.406] AdvisorInfoPopup: Closing Advisor Info
[605915.406] Demographics: Dequeuing demographics
[605915.406] Demographics: Dequeuing demographics
[605954.296] TechTree: popupInfo.Data1: 0
[605954.296] TechTree: popupInfo.Data2: -1
[605954.296] TechTree: popupInfo.Data3: 0
[605955.281] TechTree: stealingTechTargetPlayerID: -1
[605955.281] TechTree: player:GetNumFreeTechs(): 0
[605978.140] TurnProcessing: Hiding TurnProcessing
[606177.156] InGame: OnInterfaceModeChanged
[606177.156] InGame: oldInterfaceMode: 1
[606177.156] InGame: newInterfaceMode: 9
[606177.156] InGame: irange: 40
[606178.781] InGame: OnInterfaceModeChanged
[606178.781] InGame: oldInterfaceMode: 9
[606178.781] InGame: newInterfaceMode: 1
[606255.328] TurnProcessing: Hiding TurnProcessing
[606276.937] ProductionPopup: true
[606277.796] ProductionPopup: true
[606277.796] ProductionPopup: true
[606315.687] TurnProcessing: Hiding TurnProcessing
[606320.640] SocialPolicyPopup: In UpdateDisplay()
[606334.875] SocialPolicyPopup: In UpdateDisplay()
[606411.046] Runtime Error: C:\Users\CivicKr\Documents\My Games\Sid Meier's Civilization 5\MODS\Cheatocalypse (v 1)\Lua\ImprovementMovesOverride.lua:36: attempt to call method 'SetVisible' (a nil value)
[606412.078] TurnProcessing: Hiding TurnProcessing
[606428.531] TechTree: popupInfo.Data1: 0
[606428.531] TechTree: popupInfo.Data2: -1
[606428.531] TechTree: popupInfo.Data3: 0
[606441.500] TechTree: stealingTechTargetPlayerID: -1
[606441.500] TechTree: player:GetNumFreeTechs(): 0
[606545.359] Runtime Error: C:\Users\CivicKr\Documents\My Games\Sid Meier's Civilization 5\MODS\Cheatocalypse (v 1)\Lua\ImprovementMovesOverride.lua:36: attempt to call method 'SetVisible' (a nil value)
[606546.390] TurnProcessing: Hiding TurnProcessing
[606561.671] SocialPolicyPopup: In UpdateDisplay()
[606565.796] SocialPolicyPopup: Clicked on Policy: 8
[606565.796] SocialPolicyPopup: bHasPolicy: false
[606565.796] SocialPolicyPopup: bCanAdoptPolicy: true
[606565.796] SocialPolicyPopup: Policy Blocked: false
[606566.484] SocialPolicyPopup: In UpdateDisplay()
[606608.843] Runtime Error: C:\Users\CivicKr\Documents\My Games\Sid Meier's Civilization 5\MODS\Cheatocalypse (v 1)\Lua\ImprovementMovesOverride.lua:36: attempt to call method 'SetVisible' (a nil value)
[606609.875] TurnProcessing: Hiding TurnProcessing
[606646.625] Runtime Error: C:\Users\CivicKr\Documents\My Games\Sid Meier's Civilization 5\MODS\Cheatocalypse (v 1)\Lua\ImprovementMovesOverride.lua:36: attempt to call method 'SetVisible' (a nil value)
[606647.656] TurnProcessing: Hiding TurnProcessing
[606656.359] TechTree: popupInfo.Data1: 0
[606656.359] TechTree: popupInfo.Data2: -1
[606656.359] TechTree: popupInfo.Data3: 0
[606660.703] TechTree: stealingTechTargetPlayerID: -1
[606660.703] TechTree: player:GetNumFreeTechs(): 0
[606663.937] TechTree: stealingTechTargetPlayerID: -1
[606663.937] TechTree: player:GetNumFreeTechs(): 0
[606712.421] LeaderHeadRoot: Handling LeaderMessage: 0, I am Temujin, master of the steppes and conqueror of cities. You may grovel in terror if you wish.
[606739.203] Runtime Error: C:\Users\CivicKr\Documents\My Games\Sid Meier's Civilization 5\MODS\Cheatocalypse (v 1)\Lua\ImprovementMovesOverride.lua:36: attempt to call method 'SetVisible' (a nil value)
[606740.234] TurnProcessing: Hiding TurnProcessing
[606836.796] Runtime Error: C:\Users\CivicKr\Documents\My Games\Sid Meier's Civilization 5\MODS\Cheatocalypse (v 1)\Lua\ImprovementMovesOverride.lua:36: attempt to call method 'SetVisible' (a nil value)
[606837.859] TurnProcessing: Hiding TurnProcessing
[606840.906] SocialPolicyPopup: In UpdateDisplay()
[606842.437] SocialPolicyPopup: Clicked on Policy: 9
[606842.437] SocialPolicyPopup: bHasPolicy: false
[606842.437] SocialPolicyPopup: bCanAdoptPolicy: true
[606842.437] SocialPolicyPopup: Policy Blocked: false
[606843.609] SocialPolicyPopup: In UpdateDisplay()
[606881.609] Runtime Error: C:\Users\CivicKr\Documents\My Games\Sid Meier's Civilization 5\MODS\Cheatocalypse (v 1)\Lua\PromotionOverride.lua:118: attempt to index local 'plot' (a nil value)
[606906.843] TurnProcessing: Hiding TurnProcessing
[606925.625] TechTree: popupInfo.Data1: 0
[606925.625] TechTree: popupInfo.Data2: -1
[606925.625] TechTree: popupInfo.Data3: 0
[606929.187] TechTree: stealingTechTargetPlayerID: -1
[606929.187] TechTree: player:GetNumFreeTechs(): 0
[606936.000] TurnProcessing: Hiding TurnProcessing
[606962.906] TurnProcessing: Hiding TurnProcessing
