[90002.281] columns StrategicViewType, TileType are not unique
[90002.281] While executing - 'INSERT INTO ArtDefine_StrategicView(StrategicViewType, TileType, Asset) VALUES(?,?,?)'
[90003.187] no such table: ContentPackage.LocalizedText
[90003.187] no such table: ContentPackage.LocalizedText
[90003.187] no such table: ContentPackage.LocalizedText
[90003.656] no such table: ContentPackage.LocalizedText
[90004.343] columns StrategicViewType, TileType are not unique
[90004.343] While executing - 'INSERT INTO ArtDefine_StrategicView(StrategicViewType, TileType, Asset) VALUES(?,?,?)'
[90004.718] no such table: ContentPackage.LocalizedText
[90004.718] no such table: ContentPackage.LocalizedText
[90004.718] no such table: ContentPackage.LocalizedText
[90006.984] 
-- SQLite Memory Statistics --
Memory Usage:
		[Cur]		[Max]
Malloc:		6699120		76249424
PageCache:	6		12
LookAside:	0		0
Scratch:	0		1

Static Buffer Overflows:
		[TooLarge]	[NoSpace]
PageCache:	6283368		63355824
Scratch:	0		0

Largest Allocations:
Malloc:		262144
PageCache:	1172
Scratch:	6640

Prepared Statements:
Current:		6
------------------------------
[90007.203] 
-- SQLite Memory Statistics --
Memory Usage:
		[Cur]		[Max]
Malloc:		6700296		76249424
PageCache:	6		12
LookAside:	0		0
Scratch:	0		1

Static Buffer Overflows:
		[TooLarge]	[NoSpace]
PageCache:	6284544		63355824
Scratch:	0		0

Largest Allocations:
Malloc:		262144
PageCache:	1172
Scratch:	6640

Prepared Statements:
Current:		6
------------------------------
[90024.437] 
-- SQLite Memory Statistics --
Memory Usage:
		[Cur]		[Max]
Malloc:		6722624		76249424
PageCache:	7		13
LookAside:	0		0
Scratch:	0		1

Static Buffer Overflows:
		[TooLarge]	[NoSpace]
PageCache:	6302184		63355824
Scratch:	0		0

Largest Allocations:
Malloc:		262144
PageCache:	1172
Scratch:	6640

Prepared Statements:
Current:		8
------------------------------
[90030.546] no such column: Type
[90030.546] In Query - select * from Natural_Wonder_Placement where Type = ? LIMIT 1
