[90000.453] Initializing Lua 5.1.4
[90013.390] InstalledPanel: Refreshing Mods
[90013.390] InstalledPanel: GetModBrowserListings()
[90013.390] InstalledPanel: Refreshing Mods
[90013.390] InstalledPanel: GetModBrowserListings()
[90021.796] InstalledPanel: Refreshing Mods
[90021.796] InstalledPanel: GetModBrowserListings()
[90023.015] InstalledPanel: Refreshing Mods
[90023.015] InstalledPanel: GetModBrowserListings()
[90030.500] Map Script: Generating Map
[90030.500] Map Script: Setting Plot Types (Lua Boreal) ...
[90030.500] Map Script: Setting Plot Types (MapGenerator.Lua)
[90030.500] Map Script: Setting coasts and oceans (MapGenerator.Lua)
[90030.500] Map Script: Expanding coasts (MapGenerator.Lua)
[90030.500] Map Script: Generating Terrain (Lua Boreal) ...
[90030.515] Map Script: Inland Sea - Adding Rivers
[90030.515] Map Script: Map Generation - Adding Lakes
[90030.515] Map Script: 4 lakes added
[90030.515] Map Script: Adding Features (Lua Boreal) ...
[90030.531] Map Script: Creating start plot database (MapGenerator.Lua)
[90030.531] Map Script: Dividing the map in to Regions (Lua Boreal)
[90030.531] Map Script: Map Generation - Dividing the map in to Regions
[90030.531] Map Script: -
[90030.531] Map Script: Civs:	6
[90030.531] Map Script: City States:	12
[90030.531] Map Script: DivideIntoRegions: Divide in to Thirds selected.
[90030.531] Map Script: -
[90030.531] Map Script: ChopIntoThree called.
[90030.531] Map Script: Dividing along vertical line between columns: 	26	-	27
[90030.531] Map Script: Dividing along horizontal line between rows: 	15	-	16
[90030.531] Map Script: DivideIntoRegions: Divide in to Halves selected.
[90030.531] Map Script: Dividing along horizontal line between rows: 	11	-	12
[90030.531] Map Script: -
[90030.531] Map Script: ---------------------------------------------
[90030.531] Map Script: Defined location of Start Region #	1
[90030.531] Map Script: ---------------------------------------------
[90030.531] Map Script: -
[90030.531] Map Script: -
[90030.531] Map Script: ---------------------------------------------
[90030.531] Map Script: Defined location of Start Region #	2
[90030.531] Map Script: ---------------------------------------------
[90030.531] Map Script: -
[90030.531] Map Script: DivideIntoRegions: Divide in to Halves selected.
[90030.531] Map Script: Dividing along vertical line between columns: 	36	-	37
[90030.531] Map Script: -
[90030.531] Map Script: ---------------------------------------------
[90030.531] Map Script: Defined location of Start Region #	3
[90030.531] Map Script: ---------------------------------------------
[90030.531] Map Script: -
[90030.531] Map Script: -
[90030.531] Map Script: ---------------------------------------------
[90030.531] Map Script: Defined location of Start Region #	4
[90030.531] Map Script: ---------------------------------------------
[90030.531] Map Script: -
[90030.531] Map Script: DivideIntoRegions: Divide in to Halves selected.
[90030.531] Map Script: Dividing along vertical line between columns: 	41	-	42
[90030.531] Map Script: -
[90030.531] Map Script: Removed Dead Rows, West: 	0	 East: 	0
[90030.531] Map Script: Removed Dead Rows, South: 	0	 North: 	1
[90030.531] Map Script: -
[90030.531] Map Script: Incoming values: 	27	16	15	14
[90030.531] Map Script: Outgoing values: 	27	16	15	13
[90030.531] Map Script: -
[90030.531] Map Script: Size of incoming fertility table: 	210
[90030.531] Map Script: Size of outgoing fertility table: 	195
[90030.531] Map Script: -
[90030.531] Map Script: ---------------------------------------------
[90030.531] Map Script: Defined location of Start Region #	5
[90030.531] Map Script: ---------------------------------------------
[90030.531] Map Script: -
[90030.531] Map Script: -
[90030.531] Map Script: ---------------------------------------------
[90030.531] Map Script: Defined location of Start Region #	6
[90030.531] Map Script: ---------------------------------------------
[90030.531] Map Script: -
[90030.531] Map Script: -
[90030.531] Map Script: Data for Start Region #	1
[90030.531] Map Script: WestX:  	0
[90030.531] Map Script: SouthY: 	0
[90030.531] Map Script: Width:  	27
[90030.531] Map Script: Height: 	12
[90030.531] Map Script: AreaID: 	172033
[90030.531] Map Script: Fertility:	416
[90030.531] Map Script: Plots:  	324
[90030.531] Map Script: Fert/Plot:	1.283950617284
[90030.531] Map Script: -
[90030.531] Map Script: -
[90030.531] Map Script: Data for Start Region #	2
[90030.531] Map Script: WestX:  	0
[90030.531] Map Script: SouthY: 	12
[90030.531] Map Script: Width:  	27
[90030.531] Map Script: Height: 	18
[90030.531] Map Script: AreaID: 	172033
[90030.531] Map Script: Fertility:	389
[90030.531] Map Script: Plots:  	486
[90030.531] Map Script: Fert/Plot:	0.80041152263374
[90030.531] Map Script: -
[90030.531] Map Script: -
[90030.531] Map Script: Data for Start Region #	3
[90030.531] Map Script: WestX:  	27
[90030.531] Map Script: SouthY: 	0
[90030.531] Map Script: Width:  	10
[90030.531] Map Script: Height: 	16
[90030.531] Map Script: AreaID: 	172033
[90030.531] Map Script: Fertility:	393
[90030.531] Map Script: Plots:  	160
[90030.531] Map Script: Fert/Plot:	2.45625
[90030.531] Map Script: -
[90030.531] Map Script: -
[90030.531] Map Script: Data for Start Region #	4
[90030.531] Map Script: WestX:  	37
[90030.531] Map Script: SouthY: 	0
[90030.531] Map Script: Width:  	15
[90030.531] Map Script: Height: 	16
[90030.531] Map Script: AreaID: 	172033
[90030.531] Map Script: Fertility:	400
[90030.531] Map Script: Plots:  	240
[90030.531] Map Script: Fert/Plot:	1.6666666666667
[90030.531] Map Script: -
[90030.531] Map Script: -
[90030.531] Map Script: Data for Start Region #	5
[90030.531] Map Script: WestX:  	27
[90030.531] Map Script: SouthY: 	16
[90030.531] Map Script: Width:  	15
[90030.531] Map Script: Height: 	13
[90030.531] Map Script: AreaID: 	172033
[90030.531] Map Script: Fertility:	374
[90030.531] Map Script: Plots:  	195
[90030.531] Map Script: Fert/Plot:	1.9179487179487
[90030.531] Map Script: -
[90030.531] Map Script: -
[90030.531] Map Script: Data for Start Region #	6
[90030.531] Map Script: WestX:  	42
[90030.531] Map Script: SouthY: 	16
[90030.531] Map Script: Width:  	10
[90030.531] Map Script: Height: 	14
[90030.531] Map Script: AreaID: 	172033
[90030.531] Map Script: Fertility:	349
[90030.531] Map Script: Plots:  	140
[90030.531] Map Script: Fert/Plot:	2.4928571428571
[90030.531] Map Script: -
[90030.531] Map Script: Choosing start locations for civilizations (MapGenerator.Lua)
[90030.531] Map Script: Map Generation - Choosing Start Locations for Civilizations
[90030.531] Map Script: Normalizing start locations and assigning them to Players (MapGenerator.Lua)
[90030.531] Map Script: Player	0	of Civ Type	CIVILIZATION_CELTS
[90030.531] Map Script: Player	1	of Civ Type	CIVILIZATION_SONGHAI
[90030.531] Map Script: Player	2	of Civ Type	CIVILIZATION_AUSTRIA
[90030.531] Map Script: Player	3	of Civ Type	CIVILIZATION_INDONESIA
[90030.531] Map Script: - - - - - - - needs Coastal Start!
[90030.531] Map Script: -
[90030.531] Map Script: Player	4	of Civ Type	CIVILIZATION_GERMANY
[90030.531] Map Script: Player	5	of Civ Type	CIVILIZATION_HUNS
[90030.531] Map Script: Civs with Coastal Bias:	1
[90030.531] Map Script: Civs with River Bias:	0
[90030.531] Map Script: Civs with Region Priority:	2
[90030.531] Map Script: Civs with Region Avoid:	2
[90030.531] Map Script: -
[90030.531] Map Script: Region#	4	has a Coastal Start.
[90030.531] Map Script: Region#	5	has a Coastal Start.
[90030.531] Map Script: iNumCoastalCivs: 1
[90030.531] Map Script: iNumUnassignableCoastStarts: 0
[90030.531] Map Script: shuffled_coastal_civs[1]: 3
[90030.531] Map Script: Placing Natural Wonders (MapGenerator.Lua)
[90030.562] Map Script: -
[90030.562] Map Script: -
[90030.562] Map Script: --- Number of Candidate Plots on the map for Natural Wonders ---
[90030.562] Map Script: -
[90030.562] Map Script: -	64	candidates for	FEATURE_CRATER
[90030.562] Map Script: -	0	candidates for	FEATURE_FUJI
[90030.562] Map Script: -	11	candidates for	FEATURE_MESA
[90030.562] Map Script: -	14	candidates for	FEATURE_REEF
[90030.562] Map Script: -	8	candidates for	FEATURE_VOLCANO
[90030.562] Map Script: -	40	candidates for	FEATURE_GIBRALTAR
[90030.562] Map Script: -	112	candidates for	FEATURE_GEYSER
[90030.562] Map Script: -	460	candidates for	FEATURE_FOUNTAIN_YOUTH
[90030.562] Map Script: -	294	candidates for	FEATURE_POTOSI
[90030.562] Map Script: -	0	candidates for	FEATURE_EL_DORADO
[90030.562] Map Script: -	0	candidates for	FEATURE_SRI_PADA
[90030.562] Map Script: -	0	candidates for	FEATURE_MT_SINAI
[90030.562] Map Script: -	5	candidates for	FEATURE_MT_KAILASH
[90030.562] Map Script: -	0	candidates for	FEATURE_ULURU
[90030.562] Map Script: -	460	candidates for	FEATURE_LAKE_VICTORIA
[90030.562] Map Script: -	2	candidates for	FEATURE_KILIMANJARO
[90030.562] Map Script: -	451	candidates for	FEATURE_SOLOMONS_MINES
[90030.562] Map Script: -
[90030.562] Map Script: --- End of candidates readout for Natural Wonders ---
[90030.562] Map Script: -
[90030.562] Map Script: -- Placed all Natural Wonders --
[90030.562] Map Script: -
[90030.562] Map Script: -
[90030.562] Map Script: Placing Resources and City States (MapGenerator.Lua)
[90030.562] Map Script: Map Generation - Assigning Luxury Resource Distribution
[90030.562] Map Script: -
[90030.562] Map Script: Region#	3	 of type 	1	 has been assigned Luxury ID#	20
[90030.562] Map Script: -
[90030.562] Map Script: Region#	1	 of type 	1	 has been assigned Luxury ID#	21
[90030.562] Map Script: -
[90030.562] Map Script: Region#	6	 of type 	1	 has been assigned Luxury ID#	30
[90030.562] Map Script: -
[90030.562] Map Script: Region#	4	 of type 	1	 has been assigned Luxury ID#	31
[90030.562] Map Script: -
[90030.562] Map Script: Region#	5	 of type 	1	 has been assigned Luxury ID#	13
[90030.562] Map Script: -
[90030.562] Map Script: Region#	2	 of type 	1	 has been assigned Luxury ID#	16
[90030.562] Map Script: Luxury ID#	13	rejected by City States as already belonging to Regions.
[90030.562] Map Script: Luxury ID#	16	rejected by City States as already belonging to Regions.
[90030.562] Map Script: Luxury ID#	30	rejected by City States as already belonging to Regions.
[90030.562] Map Script: Luxury ID#	31	rejected by City States as already belonging to Regions.
[90030.562] Map Script: Luxury ID#	20	rejected by City States as already belonging to Regions.
[90030.562] Map Script: Luxury ID#	21	rejected by City States as already belonging to Regions.
[90030.562] Map Script: --- Luxury Assignment Table ---
[90030.562] Map Script: -
[90030.562] Map Script: - - Assigned to Regions - -
[90030.562] Map Script: Region#	3	has Luxury type	20
[90030.562] Map Script: Region#	1	has Luxury type	21
[90030.562] Map Script: Region#	6	has Luxury type	30
[90030.562] Map Script: Region#	4	has Luxury type	31
[90030.562] Map Script: Region#	5	has Luxury type	13
[90030.562] Map Script: Region#	2	has Luxury type	16
[90030.562] Map Script: -
[90030.562] Map Script: - - Assigned to City States - -
[90030.562] Map Script: Luxury type	27
[90030.562] Map Script: Luxury type	32
[90030.562] Map Script: Luxury type	15
[90030.562] Map Script: -
[90030.562] Map Script: - - Assigned to Random - -
[90030.562] Map Script: -
[90030.562] Map Script: - - Luxuries handled via Special Case - -
[90030.562] Map Script: Luxury type	18
[90030.562] Map Script: -
[90030.562] Map Script: - - Disabled - -
[90030.562] Map Script: Luxury type	26
[90030.562] Map Script: Luxury type	17
[90030.562] Map Script: - - - - - - - - - - - - - - - -
[90030.562] Map Script: Map Generation - Placing City States
[90030.562] Map Script: Map Generation - Choosing sites for City States
[90030.562] Map Script: All city states assigned.
[90030.578] Map Script: Map Generation - Placing Luxuries
[90030.578] Map Script: -
[90030.578] Map Script: Attempting to place Luxury#	20	at start plot	33	9	in Region#	3
[90030.578] Map Script: -
[90030.578] Map Script: Attempting to place Luxury#	21	at start plot	9	8	in Region#	1
[90030.578] Map Script: -
[90030.578] Map Script: Attempting to place Luxury#	30	at start plot	48	20	in Region#	6
[90030.578] Map Script: -
[90030.578] Map Script: Attempting to place Luxury#	31	at start plot	44	6	in Region#	4
[90030.578] Map Script: -
[90030.578] Map Script: Attempting to place Luxury#	13	at start plot	36	24	in Region#	5
[90030.578] Map Script: -
[90030.578] Map Script: Attempting to place Luxury#	16	at start plot	9	18	in Region#	2
[90030.578] Map Script: -
[90030.578] Map Script: -
[90030.578] Map Script: -Assigned Luxury Type	27	to City State#	1
[90030.578] Map Script: -
[90030.578] Map Script: -
[90030.578] Map Script: -Assigned Luxury Type	16	to City State#	2
[90030.578] Map Script: -
[90030.578] Map Script: -
[90030.578] Map Script: -Assigned Luxury Type	15	to City State#	3
[90030.578] Map Script: -
[90030.578] Map Script: -
[90030.578] Map Script: -Assigned Luxury Type	27	to City State#	4
[90030.578] Map Script: -
[90030.578] Map Script: -
[90030.578] Map Script: -Assigned Luxury Type	15	to City State#	5
[90030.578] Map Script: -
[90030.578] Map Script: -
[90030.578] Map Script: -Assigned Luxury Type	15	to City State#	6
[90030.578] Map Script: -
[90030.578] Map Script: -
[90030.578] Map Script: -Assigned Luxury Type	21	to City State#	7
[90030.578] Map Script: -
[90030.578] Map Script: -
[90030.578] Map Script: -Assigned Luxury Type	27	to City State#	8
[90030.578] Map Script: -
[90030.578] Map Script: -
[90030.578] Map Script: -Assigned Luxury Type	15	to City State#	9
[90030.578] Map Script: -
[90030.578] Map Script: -
[90030.578] Map Script: -Assigned Luxury Type	27	to City State#	10
[90030.578] Map Script: -
[90030.578] Map Script: -
[90030.578] Map Script: -Assigned Luxury Type	15	to City State#	11
[90030.578] Map Script: -
[90030.578] Map Script: - - -
[90030.578] Map Script: Attempting to place regional luxury #	21	in Region#	1
[90030.578] Map Script: -
[90030.578] Map Script: - - -
[90030.578] Map Script: Attempting to place regional luxury #	16	in Region#	2
[90030.578] Map Script: -
[90030.578] Map Script: - - -
[90030.578] Map Script: Attempting to place regional luxury #	20	in Region#	3
[90030.578] Map Script: -
[90030.578] Map Script: - - -
[90030.578] Map Script: Attempting to place regional luxury #	31	in Region#	4
[90030.578] Map Script: -
[90030.578] Map Script: - - -
[90030.578] Map Script: Attempting to place regional luxury #	13	in Region#	5
[90030.578] Map Script: -
[90030.578] Map Script: - - -
[90030.578] Map Script: Attempting to place regional luxury #	30	in Region#	6
[90030.578] Map Script: * *
[90030.578] Map Script: * iNumTypesRandom = 	5
[90030.578] Map Script: * *
[90030.578] Map Script: iNumRandomLuxTarget = -1. Just putting in 3 of each random.
[90030.578] Map Script: -
[90030.578] Map Script: --- Eligible Types List for Second Luxury in Region#	1	---
[90030.578] Map Script: - Found eligible luxury type:	18
[90030.578] Map Script: --- End of Eligible Types list for Second Luxury in Region#	1	---
[90030.578] Map Script: -
[90030.578] Map Script: Placed Second Luxury type of ID#	18	for start located at Plot	9	8	 in Region#	1
[90030.578] Map Script: -
[90030.578] Map Script: --- Eligible Types List for Second Luxury in Region#	2	---
[90030.578] Map Script: - Found eligible luxury type:	18
[90030.578] Map Script: --- End of Eligible Types list for Second Luxury in Region#	2	---
[90030.578] Map Script: -
[90030.578] Map Script: Placed Second Luxury type of ID#	18	for start located at Plot	9	18	 in Region#	2
[90030.578] Map Script: -
[90030.578] Map Script: --- Eligible Types List for Second Luxury in Region#	3	---
[90030.578] Map Script: - Found eligible luxury type:	18
[90030.578] Map Script: --- End of Eligible Types list for Second Luxury in Region#	3	---
[90030.578] Map Script: -
[90030.578] Map Script: Placed Second Luxury type of ID#	18	for start located at Plot	33	9	 in Region#	3
[90030.578] Map Script: -
[90030.578] Map Script: --- Eligible Types List for Second Luxury in Region#	4	---
[90030.578] Map Script: - Found eligible luxury type:	18
[90030.578] Map Script: --- End of Eligible Types list for Second Luxury in Region#	4	---
[90030.578] Map Script: -
[90030.578] Map Script: --- Eligible Types List for Second Luxury in Region#	5	---
[90030.578] Map Script: - Found eligible luxury type:	18
[90030.578] Map Script: --- End of Eligible Types list for Second Luxury in Region#	5	---
[90030.578] Map Script: -
[90030.578] Map Script: Placed Second Luxury type of ID#	18	for start located at Plot	36	24	 in Region#	5
[90030.578] Map Script: -
[90030.578] Map Script: --- Eligible Types List for Second Luxury in Region#	6	---
[90030.578] Map Script: - Found eligible luxury type:	18
[90030.578] Map Script: --- End of Eligible Types list for Second Luxury in Region#	6	---
[90030.578] Map Script: -
[90030.578] Map Script: Placed Second Luxury type of ID#	18	for start located at Plot	48	20	 in Region#	6
[90030.578] Map Script: Map Generation - Placing Strategics
[90030.578] Map Script: Map Generation - Placing Bonuses
[90030.578] Map Script: Map Generation - Normalize City State Locations
[90030.578] Map Script: -
[90030.578] Map Script: --- Table of Results, New Start Finder ---
[90030.578] Map Script: -
[90030.578] Map Script: Region#	1	 has start plot at: 	9	8	with Fertility Rating of 	254
[90030.578] Map Script: -
[90030.578] Map Script: Region#	2	 has start plot at: 	9	18	with Fertility Rating of 	285
[90030.578] Map Script: -
[90030.578] Map Script: Region#	3	 has start plot at: 	33	9	with Fertility Rating of 	296
[90030.578] Map Script: -
[90030.578] Map Script: Region#	4	 has start plot at: 	44	6	with Fertility Rating of 	302
[90030.578] Map Script: -
[90030.578] Map Script: Region#	5	 has start plot at: 	36	24	with Fertility Rating of 	284
[90030.578] Map Script: -
[90030.578] Map Script: Region#	6	 has start plot at: 	48	20	with Fertility Rating of 	258
[90030.578] Map Script: -
[90030.578] Map Script: --- End of Start Finder Results Table ---
[90030.578] Map Script: -
[90030.578] Map Script: -
[90030.578] Map Script: --- Table of Final Results, City State Placements ---
[90030.578] Map Script: -
[90030.578] Map Script: - City State	1	in Region	1	is located at Plot	26	2
[90030.578] Map Script: - City State	2	in Region	2	is located at Plot	26	24
[90030.578] Map Script: - City State	3	in Region	3	is located at Plot	27	15
[90030.578] Map Script: - City State	4	in Region	4	is located at Plot	41	13
[90030.578] Map Script: - City State	5	in Region	5	is located at Plot	29	27
[90030.578] Map Script: - City State	6	in Region	6	is located at Plot	47	27
[90030.578] Map Script: - City State	7	in Region	1	is located at Plot	2	3
[90030.578] Map Script: - City State	8	in Region	2	is located at Plot	23	18
[90030.578] Map Script: - City State	9	in Region	3	is located at Plot	31	2
[90030.578] Map Script: - City State	10	in Region	4	is located at Plot	38	2
[90030.578] Map Script: - City State	11	in Region	5	is located at Plot	41	18
[90030.578] Map Script: - City State	12	in Region	-1	is located at Plot	19	14
[90030.578] Map Script: -
[90030.578] Map Script: - - - - -
[90030.578] Map Script: -
[90030.578] Map Script: --- Table of Final Results, Resource Distribution ---
[90030.578] Map Script: -
[90030.578] Map Script: - LUXURY Resources -
[90030.578] Map Script: - Whale...: 	6
[90030.578] Map Script: - Pearls..: 	0
[90030.578] Map Script: - Gold....: 	5
[90030.578] Map Script: - Silver..: 	7
[90030.578] Map Script: - Gems....: 	0
[90030.578] Map Script: - Marble..: 	7
[90030.578] Map Script: - Ivory...: 	0
[90030.578] Map Script: - Fur.....: 	6
[90030.578] Map Script: - Dye.....: 	7
[90030.578] Map Script: - Spices..: 	0
[90030.578] Map Script: - Silk....: 	0
[90030.578] Map Script: - Sugar...: 	0
[90030.578] Map Script: - Cotton..: 	0
[90030.578] Map Script: - Wine....: 	0
[90030.578] Map Script: - Incense.: 	4
[90030.578] Map Script: - Expansion LUXURY Resources -
[90030.578] Map Script: - Copper..: 	6
[90030.578] Map Script: - Salt....: 	6
[90030.578] Map Script: - Citrus..: 	0
[90030.578] Map Script: - Truffles: 	0
[90030.578] Map Script: - Crab....: 	0
[90030.578] Map Script: - Cocoa...: 	0
[90030.578] Map Script: -
[90030.578] Map Script: + TOTAL.Lux: 	70
[90030.578] Map Script: -
[90030.578] Map Script: - STRATEGIC Resources -
[90030.578] Map Script: - Iron....: 	106
[90030.578] Map Script: - Horse...: 	20
[90030.578] Map Script: - Coal....: 	24
[90030.578] Map Script: - Oil.....: 	149
[90030.578] Map Script: - Aluminum: 	108
[90030.578] Map Script: - Uranium.: 	31
[90030.578] Map Script: -
[90030.578] Map Script: - BONUS Resources -
[90030.578] Map Script: - Cow.....: 	1
[90030.578] Map Script: - Wheat...: 	4
[90030.578] Map Script: - Sheep...: 	17
[90030.578] Map Script: - Deer....: 	77
[90030.578] Map Script: - Banana..: 	0
[90030.578] Map Script: - Fish....: 	26
[90030.578] Map Script: - Stone...: 	20
[90030.578] Map Script: - Bison...: 	2
[90030.578] Map Script: -
[90030.578] Map Script: -----------------------------------------------------
[90030.578] Map Script: -------------------------------
[90030.578] Map Script: Map Generation - Adding Goodies
[90030.578] Map Script: -------------------------------
[90030.578] Map Script: Determining continents for art purposes (MapGenerator.Lua)
[90031.656] CivilopediaScreen: SetSelectedCategory(12)
[90031.656] CivilopediaScreen: CivilopediaCategory[CategoryTerrain].DisplayList
[90031.656] CivilopediaScreen: SetSelectedCategory(1)
[90031.656] CivilopediaScreen: CivilopediaCategory[CategoryHomePage].DisplayList
[90031.750] Tutorial: Loaded Additional Tutorial checks - Assets\DLC\Expansion2\Tutorial\Lua\TutorialInclude_Expansion2.lua
[90031.750] Tutorial: Loaded Additional Tutorial checks - Assets\DLC\Expansion\Tutorial\lua\TutorialInclude_Expansion1.lua
[90031.921] GenericPopup: Loaded Popup - Assets\DLC\Expansion2\UI\InGame\PopupsGeneric\ConfirmImprovementRebuildPopup.lua
[90031.921] GenericPopup: Loaded Popup - Assets\DLC\Expansion2\UI\InGame\PopupsGeneric\DeclareWarMovePopup.lua
[90031.921] GenericPopup: Loaded Popup - Assets\DLC\Expansion2\UI\InGame\PopupsGeneric\PuppetCityPopup.lua
[90031.921] GenericPopup: Loaded Popup - Assets\DLC\Expansion2\UI\InGame\PopupsGeneric\DeclareWarPlunderTradeRoutePopup.lua
[90031.921] GenericPopup: Loaded Popup - Assets\DLC\Expansion2\UI\InGame\PopupsGeneric\DeclareWarRangeStrikePopup.lua
[90031.921] GenericPopup: Loaded Popup - Assets\UI\InGame\PopupsGeneric\ConfirmImprovementRebuildPopup.lua
[90031.921] GenericPopup: Loaded Popup - Assets\UI\InGame\PopupsGeneric\NetworkKickedPopup.lua
[90031.921] GenericPopup: Loaded Popup - Assets\UI\InGame\PopupsGeneric\CityPlotManagementPopup.lua
[90031.921] GenericPopup: Loaded Popup - Assets\UI\InGame\PopupsGeneric\ConfirmCommandPopup.lua
[90031.921] GenericPopup: Loaded Popup - Assets\UI\InGame\PopupsGeneric\MinorCivEnterTerritoryPopup.lua
[90031.921] GenericPopup: Loaded Popup - Assets\UI\InGame\PopupsGeneric\LiberateMinorPopup.lua
[90031.921] GenericPopup: Loaded Popup - Assets\UI\InGame\PopupsGeneric\ReturnCivilianPopup.lua
[90031.921] GenericPopup: Loaded Popup - Assets\UI\InGame\PopupsGeneric\AnnexCityPopup.lua
[90031.921] GenericPopup: Loaded Popup - Assets\UI\InGame\PopupsGeneric\DeclareWarMovePopup.lua
[90031.921] GenericPopup: Loaded Popup - Assets\UI\InGame\PopupsGeneric\BarbarianRansomPopup.lua
[90031.921] GenericPopup: Loaded Popup - Assets\UI\InGame\PopupsGeneric\ConfirmGiftPopup.lua
[90031.921] GenericPopup: Loaded Popup - Assets\UI\InGame\PopupsGeneric\ConfirmCityTaskPopup.lua
[90031.921] GenericPopup: Loaded Popup - Assets\UI\InGame\PopupsGeneric\PuppetCityPopup.lua
[90031.921] GenericPopup: Loaded Popup - Assets\UI\InGame\PopupsGeneric\DeclareWarRangeStrikePopup.lua
[90031.921] GenericPopup: Loaded Popup - Assets\UI\InGame\PopupsGeneric\ConfirmPolicyBranchPopup.lua
[90031.921] GenericPopup: Loaded Popup - Assets\UI\InGame\PopupsGeneric\MinorCivGoldPopup.lua
[90031.968] EconomicGeneralInfo: Total Units - 2
[90031.968] EconomicGeneralInfo: Maint Free Units - 0
[90031.968] EconomicGeneralInfo: Paid Units - 2
[90031.968] EconomicGeneralInfo: Total Units - 2
[90031.968] EconomicGeneralInfo: Maint Free Units - 0
[90031.968] EconomicGeneralInfo: Paid Units - 2
[90032.078] ChoosePantheonPopup: 60
[90032.078] ChoosePantheonPopup: 963
[90032.078] ChoosePantheonPopup: 1023
[90032.109] ChooseIdeologyPopup: 60
[90032.109] ChooseIdeologyPopup: 963
[90032.109] ChooseIdeologyPopup: 1023
[90032.187] BuildingEffects: Cheatocalypse Building Effects System Loaded
[90032.187] CoreSystem: Cheatocalypse Core System Loaded
[90032.187] EngineerBuildSystem: Cheatocalypse Engineer Build System Loaded
[90032.187] ImprovementMovesOverride: ImprovementMovesOverride FIXED VERSION LOADED
[90032.187] ParadropOverride: Cheatocalypse Paradrop Override Loaded
[90032.187] ProductionBoost: Production Boost Loaded
[90032.187] PromotionOverride: Cheatocalypse Promotion Override Loaded
[90032.265] AdvisorInfoPopup: Closing Advisor Info
[90032.265] Demographics: Dequeuing demographics
[90032.265] Demographics: Dequeuing demographics
[90039.812] TechPopup: stealingTechTargetPlayerID: -1
[90039.812] TechPopup: iValue: 0
[90085.171] TurnProcessing: Hiding TurnProcessing
[90102.843] InGame: OnInterfaceModeChanged
[90102.843] InGame: oldInterfaceMode: 1
[90102.843] InGame: newInterfaceMode: 9
[90102.843] InGame: irange: 49
[90108.312] InGame: OnInterfaceModeChanged
[90108.312] InGame: oldInterfaceMode: 9
[90108.312] InGame: newInterfaceMode: 1
[90119.078] CityBannerManager: CityBanner CombatBegin
[90122.046] CityBannerManager: CityBanner CombatEnd
[90194.265] TechTree: popupInfo.Data1: 0
[90194.265] TechTree: popupInfo.Data2: -1
[90194.265] TechTree: popupInfo.Data3: 0
[90195.640] TechTree: stealingTechTargetPlayerID: -1
[90195.640] TechTree: player:GetNumFreeTechs(): 0
[90203.359] TurnProcessing: Hiding TurnProcessing
[90253.296] InGame: OnInterfaceModeChanged
[90253.296] InGame: oldInterfaceMode: 1
[90253.296] InGame: newInterfaceMode: 9
[90253.296] InGame: irange: 49
[90254.656] InGame: OnInterfaceModeChanged
[90254.656] InGame: oldInterfaceMode: 9
[90254.656] InGame: newInterfaceMode: 1
[90279.953] TurnProcessing: Hiding TurnProcessing
[90297.078] ProductionPopup: true
[90298.921] ProductionPopup: true
[90298.921] ProductionPopup: true
[90302.156] SocialPolicyPopup: In UpdateDisplay()
[90303.984] SocialPolicyPopup: In UpdateDisplay()
[90352.328] TurnProcessing: Hiding TurnProcessing
[90383.375] LeaderHeadRoot: Handling LeaderMessage: 0, The Dowager Empress of the Romans, Queen of Hungary, and the Archduchess of Austria greets you. Tell me, do you like... theatre?
[90391.046] CityBannerManager: CityBanner CombatBegin
[90396.843] CityBannerManager: CityBanner CombatEnd
[90440.937] TurnProcessing: Hiding TurnProcessing
[90448.312] TechTree: popupInfo.Data1: 0
[90448.312] TechTree: popupInfo.Data2: -1
[90448.312] TechTree: popupInfo.Data3: 0
[90449.750] TechTree: stealingTechTargetPlayerID: -1
[90449.750] TechTree: player:GetNumFreeTechs(): 0
[90461.156] CityBannerManager: CityBanner CombatBegin
[90465.765] CityBannerManager: CityBanner CombatEnd
[90476.671] SocialPolicyPopup: In UpdateDisplay()
[90477.531] SocialPolicyPopup: Clicked on Policy: 8
[90477.531] SocialPolicyPopup: bHasPolicy: false
[90477.531] SocialPolicyPopup: bCanAdoptPolicy: true
[90477.531] SocialPolicyPopup: Policy Blocked: false
[90478.109] SocialPolicyPopup: In UpdateDisplay()
[90509.328] CityBannerManager: CityBanner CombatBegin
[90517.234] CityBannerManager: CityBanner CombatEnd
[90535.109] TurnProcessing: Hiding TurnProcessing
[90563.218] SocialPolicyPopup: In UpdateDisplay()
[90564.000] SocialPolicyPopup: Clicked on Policy: 9
[90564.000] SocialPolicyPopup: bHasPolicy: false
[90564.000] SocialPolicyPopup: bCanAdoptPolicy: true
[90564.000] SocialPolicyPopup: Policy Blocked: false
[90564.609] SocialPolicyPopup: In UpdateDisplay()
[90596.703] CityBannerManager: CityBanner CombatBegin
[90600.640] CityBannerManager: CityBanner CombatEnd
[90616.921] TurnProcessing: Hiding TurnProcessing
[90635.343] TechTree: popupInfo.Data1: 0
[90635.343] TechTree: popupInfo.Data2: -1
[90635.343] TechTree: popupInfo.Data3: 0
[90640.250] TechTree: stealingTechTargetPlayerID: -1
[90640.250] TechTree: player:GetNumFreeTechs(): 0
[90703.843] TurnProcessing: Hiding TurnProcessing
[90770.171] TurnProcessing: Hiding TurnProcessing
[90786.078] CityBannerManager: CityBanner CombatBegin
[90791.765] CityBannerManager: CityBanner CombatEnd
[90808.765] TechTree: popupInfo.Data1: 0
[90808.765] TechTree: popupInfo.Data2: -1
[90808.765] TechTree: popupInfo.Data3: 0
[90811.000] TechTree: stealingTechTargetPlayerID: -1
[90811.000] TechTree: player:GetNumFreeTechs(): 0
[90812.515] TechTree: stealingTechTargetPlayerID: -1
[90812.515] TechTree: player:GetNumFreeTechs(): 0
