[87478.593] , Discovering Base Game Map Scripts, 0.001440
[87478.859] , CreateCoreDatabase, 0.262710
[87479.140] , 	cvAudioManager::LoadExtraContentScripts, 0.093365
[87479.140] , cvAudioSystem::Startup, 0.093395
[87479.203] , DISCOVERING MODS, 0.048620
[87479.203] , 	Generate BaseGame Loc Database., 0.000645
[87479.203] , 		Get Package Files, 0.006916
[87479.203] , 		Generate Specific DLC Database, 0.001320
[87479.218] , 		Get Package Files, 0.010167
[87479.218] , 		Generate Specific DLC Database, 0.001537
[87479.234] , 		Get Package Files, 0.008354
[87479.234] , 		Generate Specific DLC Database, 0.001352
[87479.234] , 		Get Package Files, 0.009212
[87479.250] , 		Generate Specific DLC Database, 0.001717
[87479.250] , 		Get Package Files, 0.006773
[87479.250] , 		Generate Specific DLC Database, 0.001171
[87479.250] , 		Get Package Files, 0.005347
[87479.250] , 		Generate Specific DLC Database, 0.000981
[87479.265] , 		Get Package Files, 0.010560
[87479.265] , 		Generate Specific DLC Database, 0.001653
[87479.281] , 		Get Package Files, 0.005384
[87479.281] , 		Generate Specific DLC Database, 0.001017
[87479.281] , 		Get Package Files, 0.000001
[87479.281] , 		Get Package Files, 0.000001
[87479.281] , 		Get Package Files, 0.000000
[87479.328] , 		Get Package Files, 0.056781
[87479.343] , 		Generate Specific DLC Database, 0.003747
[87479.390] , 		Get Package Files, 0.061176
[87479.406] , 		Generate Specific DLC Database, 0.004409
[87479.406] , 		Get Package Files, 0.005949
[87479.406] , 		Generate Specific DLC Database, 0.000875
[87479.406] , 		Get Package Files, 0.000001
[87479.406] , 	Generate DLC Loc Databases., 0.208203
[87480.296] , 	CvLocalizationDatabaseFactory::GenerateMergedLocalizationDatabase(), 0.881481
[87480.296] , New Localization Code, 1.091937
[87480.718] , 	BeforeDeactivateMods - Release Database Cache, 0.000080
[87480.718] , 	BeforeDeactivateMods - Unload DLL, 0.000000
[87480.718] , 	AfterDeactivateMods - Reset filesystem, 0.000000
[87480.953] , 		LoadCoreDatabase - Detach Loc Database, 0.009973
[87480.968] , 		LoadCoreDatabase - Load Database, 0.006309
[87481.843] , 			CvLocalizationDatabaseFactory::GenerateMergedLocalizationDatabase(), 0.877706
[87482.250] , 		LoadCoreDatabase - Attach Loc Database, 1.277208
[87482.250] , 	AfterDeactivateMods - Rollback Database, 1.522272
[87482.328] , 		Load DLC into Game Database, 0.090289
[87482.328] , 	AfterDeactivateMods - Load DLC, 0.090310
[87482.328] , 		Discovering Base Game Map Scripts, 0.001389
[87482.765] , 		Parse Map Scripts, 0.436614
[87482.765] , 	Discover and Parse Base Game Map Scripts, 0.438049
[87482.765] , 		SetActiveDLCandMods - Import Mod Files into filesystem, 0.000255
[87482.765] , 		SetActiveDLCandMods - Perform OnModActivated Actions, 0.000133
[87482.765] , 	SetActiveDLCandMods - Activate Mods, 0.000409
[87483.156] , 	SetActiveDLCandMods - Notify Localization Database Updated, 0.388678
[87483.390] , 	SetActiveDLCandMods - Reload GameCore DLL, 0.237153
[87483.406] , 	SetActiveDLCandMods - Refresh include() file list, 0.008900
[87483.406] , 	SetActiveDLCandMods - Refresh Gameplay DLL Data, 0.000000
[87483.406] , 	SetActiveDLCandMods - Perform Gameplay Database Post Processing, 0.000633
[87483.609] , 	SetActiveDLCandMods - Cache Game Database Data, 0.206926
[87483.609] , 	SetActiveDLCandMods - Rescan Localized Audio, 0.000171
[87483.687] , SetActiveDLCandMods, 2.965579
[87486.125] , LoadUnitLibraries via Database, 2.419195
[87489.921] , Discovering Base Game Maps, 0.001808
[87489.937] , (Lua) Modding.CanEnableMod, 0.000166
[87489.937] , (Lua) Modding.CanEnableMod, 0.000149
[87489.953] , Discovering Base Game Maps, 0.001665
[87489.968] , Discovering Base Game Maps, 0.001629
