[90013.312] DBG: SystemInit: DistanceFog_System::Startup(): 1 Milliseconds
[90013.312] DBG: SystemInit: ColorKey_System::Startup(): 16 Milliseconds
[90013.312] DBG: SystemInit: GameSplineDatabase::Startup(): 0 Milliseconds
[90013.312] DBG: SystemInit: RiverVisSystem::Startup(): 0 Milliseconds
[90013.312] DBG: SystemInit: Unit_System::Startup(): 2412 Milliseconds
[90013.312] DBG: SystemInit: Overlay_System::Startup(): 9 Milliseconds
[90013.312] DBG: SystemInit: Arrow_System::Startup(): 3 Milliseconds
[90013.312] DBG: SystemInit: MovementPathSystem::Startup(): 23 Milliseconds
[90013.312] DBG: SystemInit: Decal_System::Startup(): 0 Milliseconds
[90013.312] DBG: SystemInit: FluidFOW_System::Startup(): 28 Milliseconds
[90013.312] DBG: SystemInit: FOW_System::Startup(): 0 Milliseconds
[90013.312] DBG: SystemInit: City_System::Startup(): 784 Milliseconds
[90013.312] DBG: SystemInit: LandmarkSystem::Startup(): 2326 Milliseconds
[90013.312] DBG: SystemInit: Forest_System::Startup(): 23 Milliseconds
[90013.312] DBG: SystemInit: Particle_System::Startup(): 128 Milliseconds
[90013.312] DBG: SystemInit: Wave_System::Startup(): 0 Milliseconds
[90013.312] DBG: SystemInit: MiniMap_System::Startup(): 1 Milliseconds
[90013.312] DBG: SystemInit: TerrainSystem::Startup(): 213 Milliseconds
[90013.312] DBG: SystemInit: LeaderHead_System::Startup(): 2 Milliseconds
[90013.312] DBG: SystemInit: Combat_System::Startup(): 0 Milliseconds
[90013.312] DBG: SystemInit: StrategicView::Startup(): 30 Milliseconds
[90013.312] DBG: SystemInit: AudioSimSystem::Startup(): 0 Milliseconds
[90030.671] DBG: SystemInit: RoadLayout::GameView::Startup(): 6 Milliseconds
[90030.671] DBG: SystemInit: DynamicGeometryVisSystem::GameView::Startup(): 0 Milliseconds
[90030.671] DBG: SystemInit: LoadGameState::GameViewState::Startup(): 14 Milliseconds
[90031.578] DBG: SystemInit: StartInitTerrainFromGameplayMap(): 905 Milliseconds
[90032.250] DBG: SystemInit: GameViewStateLuaContextInit::StartupGame(): 610 Milliseconds
[90032.250] DBG: SystemInit: InitDebugMenu::StartupGame(): 0 Milliseconds
[90032.250] DBG: SystemInit: DynamicGeometryLib::StartupGame(): 10 Milliseconds
[90032.250] DBG: SystemInit: LeaderHeadState::StartupGame(): 20 Milliseconds
[90032.250] DBG: SystemInit: ForestSystem::StartupGame(): 12 Milliseconds
[90032.250] DBG: SystemInit: TerrainSystem::StartupGame(): 0 Milliseconds
[90032.250] DBG: SystemInit: Landmark&DynamicGeometrySystem::StartupGame(): 0 Milliseconds
[90032.250] DBG: SystemInit: OverlaySystem::StartupGame(): 0 Milliseconds
[90032.250] DBG: SystemInit: MovementPath::StartupGame(): 0 Milliseconds
[90032.250] DBG: SystemInit: FogSystem::StartupGame(): 0 Milliseconds
[90032.250] DBG: SystemInit: FluidFogSystem::StartupGame(): 5 Milliseconds
[90032.250] DBG: SystemInit: UnitSimSystem::StartupGame(): 0 Milliseconds
[90032.250] DBG: SystemInit: CityBuildingSystem::StartupGame(): 1 Milliseconds
[90032.250] DBG: SystemInit: ParticleSystem::StartupGame(): 0 Milliseconds
[90032.250] DBG: SystemInit: StrategicViewSystem::StartupGame(): 1 Milliseconds
[90032.250] DBG: SystemInit: MiniMapSystem::StartupGame(): 0 Milliseconds
[90032.250] DBG: SystemInit: WaveSystem::StartupGame(): 1 Milliseconds
[90032.250] DBG: SystemInit: LeaderHeadSystem::StartupGame(): 0 Milliseconds
[90032.250] DBG: SystemInit: AudioSimSystem::StartupGame(): 3 Milliseconds
[90032.312] DBG: SystemInit: LoadGameState::GameViewState::StartupGame(): 673 Milliseconds
[90032.312] DBG: SystemInit: LoadGameState::StartInitStuffOnMap(): 1 Milliseconds
[90032.453] DBG: SystemInit: CreateTreeShadows(): 109 Milliseconds
[90032.453] DBG: SystemInit: StartGPUInitWork(): 1 Milliseconds
[90032.531] DBG: SystemInit: NetPlayer::IAmReady(): 0 Milliseconds
[90032.984] DBG: SystemInit: WaitForNetPlayers(): 0 Milliseconds
[90032.984] DBG: SystemInit: LoadGameState_TOTAL(): 1910 Milliseconds
