[90006.781] , Colors, 0.000276
[90006.781] , PlayerColors, 0.000379
[90006.781] , InterfaceModes, 0.000174
[90006.796] , AICityStrategies, 0.001065
[90006.796] , AIEconomicStrategies, 0.001473
[90006.796] , AIGrandStrategies, 0.000138
[90006.796] , AIMilitaryStrategies, 0.000874
[90006.796] , CitySpecializations, 0.000282
[90006.796] , TacticalMoves, 0.000113
[90006.796] , UnitAIInfos, 0.000089
[90006.796] , UnitCombatInfos, 0.000035
[90006.796] , BuildingClasses, 0.001105
[90006.843] , Buildings, 0.045557
[90006.843] , EmphasizeInfos, 0.000082
[90006.843] , Eras, 0.000173
[90006.843] , GameOptions, 0.000109
[90006.843] , GameSpeeds, 0.000151
[90006.843] , HandicapInfos, 0.000651
[90006.843] , HurryInfos, 0.000024
[90006.843] , MultiplayerOptions, 0.000023
[90006.843] , PlayerOptions, 0.000039
[90006.859] , Policies, 0.025746
[90006.859] , PolicyBranchTypes, 0.000180
[90006.859] , Processes, 0.000126
[90006.859] , Projects, 0.000289
[90006.859] , SmallAwards, 0.000013
[90006.859] , Specialists, 0.000169
[90006.859] , Victories, 0.000069
[90006.859] , Votes, 0.000044
[90006.859] , VoteSources, 0.000022
[90006.859] , Domains, 0.000019
[90006.875] , Leaders, 0.007837
[90006.875] , Routes, 0.000107
[90006.875] , Notifications, 0.000083
[90006.875] , Technologies, 0.005376
[90006.875] , Features, 0.000963
[90006.890] , Improvements, 0.004294
[90006.890] , ResourceClasses, 0.000017
[90006.890] , Resources, 0.002682
[90006.890] , Terrains, 0.000280
[90006.890] , Yields, 0.000042
[90006.890] , Automates, 0.000041
[90006.890] , Builds, 0.001798
[90006.890] , Commands, 0.000083
[90006.890] , Controls, 0.000220
[90006.890] , EntityEvents, 0.000572
[90006.890] , Missions, 0.000341
[90006.890] , MultiUnitFormations, 0.000578
[90006.890] , SpecialUnits, 0.000101
[90006.890] , UnitClasses, 0.000242
[90006.906] , UnitPromotions, 0.016810
[90006.953] , Units, 0.035596
[90006.953] , Civilizations, 0.014267
[90006.968] , MinorCivilizations, 0.001995
[90006.968] , Traits, 0.005906
[90006.968] , Religions, 0.000054
[90006.984] , Beliefs, 0.012683
[90006.984] , LeagueSpecialSessions, 0.000044
[90006.984] , LeagueNames, 0.000013
[90006.984] , LeagueProjects, 0.000032
[90006.984] , LeagueProjectRewards, 0.000053
[90006.984] , Resolutions, 0.000187
[90006.984] , PrefetchGameData, 0.193709
[90006.984] , UpdatePlayableCivilizationCounts, 0.000001
[90006.984] , SetGlobalActionInfo, 0.000095
[90007.015] , Colors, 0.000285
[90007.015] , PlayerColors, 0.000356
[90007.015] , InterfaceModes, 0.000172
[90007.015] , AICityStrategies, 0.001060
[90007.015] , AIEconomicStrategies, 0.001478
[90007.015] , AIGrandStrategies, 0.000142
[90007.015] , AIMilitaryStrategies, 0.000874
[90007.015] , CitySpecializations, 0.000281
[90007.015] , TacticalMoves, 0.000115
[90007.015] , UnitAIInfos, 0.000090
[90007.015] , UnitCombatInfos, 0.000035
[90007.015] , BuildingClasses, 0.001102
[90007.062] , Buildings, 0.044809
[90007.062] , EmphasizeInfos, 0.000081
[90007.062] , Eras, 0.000164
[90007.062] , GameOptions, 0.000095
[90007.062] , GameSpeeds, 0.000145
[90007.062] , HandicapInfos, 0.000594
[90007.062] , HurryInfos, 0.000023
[90007.062] , MultiplayerOptions, 0.000022
[90007.062] , PlayerOptions, 0.000041
[90007.078] , Policies, 0.025828
[90007.093] , PolicyBranchTypes, 0.000178
[90007.093] , Processes, 0.000126
[90007.093] , Projects, 0.000292
[90007.093] , SmallAwards, 0.000013
[90007.093] , Specialists, 0.000171
[90007.093] , Victories, 0.000070
[90007.093] , Votes, 0.000044
[90007.093] , VoteSources, 0.000023
[90007.093] , Domains, 0.000019
[90007.093] , Leaders, 0.007717
[90007.093] , Routes, 0.000100
[90007.093] , Notifications, 0.000088
[90007.093] , Technologies, 0.005406
[90007.093] , Features, 0.000969
[90007.109] , Improvements, 0.004240
[90007.109] , ResourceClasses, 0.000017
[90007.109] , Resources, 0.002613
[90007.109] , Terrains, 0.000272
[90007.109] , Yields, 0.000042
[90007.109] , Automates, 0.000040
[90007.109] , Builds, 0.001867
[90007.109] , Commands, 0.000088
[90007.109] , Controls, 0.000228
[90007.109] , EntityEvents, 0.000586
[90007.109] , Missions, 0.000354
[90007.109] , MultiUnitFormations, 0.000562
[90007.109] , SpecialUnits, 0.000103
[90007.109] , UnitClasses, 0.000234
[90007.125] , UnitPromotions, 0.016866
[90007.171] , Units, 0.035377
[90007.171] , Civilizations, 0.014120
[90007.187] , MinorCivilizations, 0.002036
[90007.187] , Traits, 0.005865
[90007.187] , Religions, 0.000054
[90007.203] , Beliefs, 0.012442
[90007.203] , LeagueSpecialSessions, 0.000046
[90007.203] , LeagueNames, 0.000014
[90007.203] , LeagueProjects, 0.000032
[90007.203] , LeagueProjectRewards, 0.000054
[90007.203] , Resolutions, 0.000187
[90007.203] , PrefetchGameData, 0.192044
[90007.203] , UpdatePlayableCivilizationCounts, 0.000001
[90007.203] , SetGlobalActionInfo, 0.000093
[90024.234] , Colors, 0.000303
[90024.234] , PlayerColors, 0.000371
[90024.234] , InterfaceModes, 0.000185
[90024.234] , AICityStrategies, 0.001074
[90024.234] , AIEconomicStrategies, 0.001460
[90024.234] , AIGrandStrategies, 0.000140
[90024.234] , AIMilitaryStrategies, 0.000866
[90024.234] , CitySpecializations, 0.000285
[90024.234] , TacticalMoves, 0.000121
[90024.234] , UnitAIInfos, 0.000096
[90024.234] , UnitCombatInfos, 0.000038
[90024.234] , BuildingClasses, 0.001192
[90024.281] , Buildings, 0.046914
[90024.281] , EmphasizeInfos, 0.000090
[90024.281] , Eras, 0.000197
[90024.281] , GameOptions, 0.000102
[90024.281] , GameSpeeds, 0.000158
[90024.281] , HandicapInfos, 0.000594
[90024.281] , HurryInfos, 0.000025
[90024.281] , MultiplayerOptions, 0.000025
[90024.281] , PlayerOptions, 0.000045
[90024.312] , Policies, 0.025549
[90024.312] , PolicyBranchTypes, 0.000175
[90024.312] , Processes, 0.000139
[90024.312] , Projects, 0.000290
[90024.312] , SmallAwards, 0.000014
[90024.312] , Specialists, 0.000177
[90024.312] , Victories, 0.000072
[90024.312] , Votes, 0.000049
[90024.312] , VoteSources, 0.000024
[90024.312] , Domains, 0.000020
[90024.312] , Leaders, 0.007799
[90024.312] , Routes, 0.000107
[90024.312] , Notifications, 0.000093
[90024.328] , Technologies, 0.005603
[90024.328] , Features, 0.000962
[90024.328] , Improvements, 0.004428
[90024.328] , ResourceClasses, 0.000018
[90024.328] , Resources, 0.002619
[90024.328] , Terrains, 0.000283
[90024.328] , Yields, 0.000044
[90024.328] , Automates, 0.000043
[90024.328] , Builds, 0.001974
[90024.328] , Commands, 0.000087
[90024.328] , Controls, 0.000244
[90024.328] , EntityEvents, 0.000586
[90024.328] , Missions, 0.000362
[90024.343] , MultiUnitFormations, 0.000593
[90024.343] , SpecialUnits, 0.000107
[90024.343] , UnitClasses, 0.000259
[90024.359] , UnitPromotions, 0.017977
[90024.390] , Units, 0.040092
[90024.406] , Civilizations, 0.014711
[90024.406] , MinorCivilizations, 0.002136
[90024.421] , Traits, 0.006389
[90024.421] , Religions, 0.000059
[90024.437] , Beliefs, 0.013366
[90024.437] , LeagueSpecialSessions, 0.000047
[90024.437] , LeagueNames, 0.000019
[90024.437] , LeagueProjects, 0.000035
[90024.437] , LeagueProjectRewards, 0.000056
[90024.437] , Resolutions, 0.000195
[90024.437] , PrefetchGameData, 0.202817
[90024.437] , UpdatePlayableCivilizationCounts, 0.000001
[90024.437] , SetGlobalActionInfo, 0.000105
